
2/15/2022 4:16:59 AM Testing scale=2500
	 layer= 1 50 Scale Area 1-15k
	LayerVertices=0
	 layer= 2 Antenna
	queryDef=status > 0
	LayerVertices=0
	 layer= 3 PhotoVoltaicCell
	LayerVertices=0
	 layer= 4 DC Device
	queryDef=Status > 0
	LayerVertices=0
	 layer= 5 Fault Indicator
	queryDef=STATUS > 0
	LayerVertices=0
	 layer= 6 Substation
	LayerVertices=0
	 layer= 7 Primary Overhead Conductor
	queryDef=STATUS > 0
	LayerVertices=54
	 layer= 8 Primary Underground Conductor
	queryDef=STATUS > 0
	LayerVertices=366
	 layer= 9 Neutral Conductor
	LayerVertices=0
	 layer= 10 Vault Polygon
	queryDef=status > 0
	LayerVertices=0
	 layer= 11 POLPolygon
	LayerVertices=0
2/15/2022 4:17:12 AM Testing scale=500
	 layer= 1 50 Scale Area 1-15k
	LayerVertices=0
	 layer= 2 Anno - Capacitor Bank
	LayerVertices=0
	 layer= 3 Anno - Conduit
	LayerVertices=105
	 layer= 4 Anno - Customer Agreement Number
	LayerVertices=5
	 layer= 5 Anno - DC Device
	LayerVertices=0
	 layer= 6 Anno - DC Rectifier
	LayerVertices=0
	 layer= 7 Anno - Device Group
	LayerVertices=0
	 layer= 8 Anno - Dynamic Protective Device
	LayerVertices=0
	 layer= 9 Anno - Fuse
	LayerVertices=15
	 layer= 10 Anno - Neutral Conductor
	LayerVertices=0
	 layer= 11 Anno - Primary OH Conductor
	LayerVertices=0
	 layer= 12 Anno - Primary UG Conductor
	LayerVertices=0
	 layer= 13 Anno - Secondary OH Conductor
	LayerVertices=0
	 layer= 14 Anno - Secondary UG Conductor
	LayerVertices=150
	 layer= 15 Anno - Step Down
	LayerVertices=0
	 layer= 16 Anno - Substation
	LayerVertices=0
	 layer= 17 Anno - Subsurface Structure
	LayerVertices=0
	 layer= 18 Anno - Support Structure
	LayerVertices=30
	 layer= 19 Anno - Switch
	LayerVertices=0
	 layer= 20 Anno - Transformer
	LayerVertices=40
	 layer= 21 Anno - Voltage Regulator
	LayerVertices=0
	 layer= 22 Circuit Point
	queryDef=STATUS > 0  AND SUBTYPECD = 2
	LayerVertices=0
	 layer= 23 Dynamic Protective Device - Closed
	queryDef=STATUS IN (5,30,1,2,3) AND (NOT (NORMALPOSITION_A = 0 OR NORMALPOSITION_B=0 OR NORMALPOSITION_C=0) or (NORMALPOSITION_A IS NULL OR NORMALPOSITION_B IS NULL OR NORMALPOSITION_C IS NULL))
	LayerVertices=0
	 layer= 24 Dynamic Protective Device - Opened
	queryDef=STATUS IN (5,30,1,2,3) AND (NORMALPOSITION_A = 0 OR NORMALPOSITION_B=0 OR NORMALPOSITION_C=0)
	LayerVertices=0
	 layer= 25 Switch - Closed
	queryDef=STATUS > 0 AND (NOT (NORMALPOSITION_A = 0 OR NORMALPOSITION_B=0 OR NORMALPOSITION_C=0) or (NORMALPOSITION_A IS NULL OR NORMALPOSITION_B IS NULL OR NORMALPOSITION_C IS NULL))
	LayerVertices=0
	 layer= 26 Switch - Opened
	queryDef=STATUS IN (5,30,1,2,3) AND  (NORMALPOSITION_A = 0 OR NORMALPOSITION_B=0 OR NORMALPOSITION_C=0)
	LayerVertices=0
	 layer= 27 Fuse - Closed
	queryDef=STATUS > 0 AND (NOT (NORMALPOSITION_A = 0 OR NORMALPOSITION_B=0 OR NORMALPOSITION_C=0) or (NORMALPOSITION_A IS NULL OR NORMALPOSITION_B IS NULL OR NORMALPOSITION_C IS NULL))
	LayerVertices=0
	 layer= 28 Fuse - Opened
	queryDef=STATUS IN (5,30,1,2,3) AND (NORMALPOSITION_A = 0 OR NORMALPOSITION_B=0 OR NORMALPOSITION_C=0)
	LayerVertices=0
	 layer= 29 Open Point
	queryDef=STATUS > 0 AND SUBTYPECD <> 11
	LayerVertices=0
	 layer= 30 Conductor Tie
	queryDef=STATUS > 0
	LayerVertices=0
	 layer= 31 Capacitor Bank
	queryDef=STATUS > 0
	LayerVertices=0
	 layer= 32 Voltage Regulator
	queryDef=STATUS > 0
	LayerVertices=0
	 layer= 33 Step Down
	queryDef=STATUS > 0
	LayerVertices=0
	 layer= 34 Transformer
	queryDef=STATUS > 0
	LayerVertices=0
	 layer= 35 Antenna
	queryDef=status > 0
	LayerVertices=0
	 layer= 36 PhotoVoltaicCell
	LayerVertices=0
	 layer= 37 DC Device
	queryDef=Status > 0
	LayerVertices=0
	 layer= 38 DC Rectifier
	queryDef=STATUS > 0
	LayerVertices=0
	 layer= 39 Smart Meter Network Device
	queryDef=STATUS > 0
	LayerVertices=0
	 layer= 40 Fault Indicator
	queryDef=STATUS > 0
	LayerVertices=0
	 layer= 41 Load Check Point
	queryDef=STATUS > 0
	LayerVertices=0
	 layer= 42 Feature Note
	LayerVertices=0
	 layer= 43 Service Location
	queryDef=EDGIS.ServiceLocation.STATUS > 0
	LayerVertices=0
	 layer= 44 DC Service Location
	queryDef=STATUS > 0
	LayerVertices=0
	 layer= 45 Primary Meter
	queryDef=STATUS > 0
	LayerVertices=0
	 layer= 46 Delivery Point
	queryDef=STATUS > 0
	LayerVertices=0
	 layer= 47 Secondary Load Point
	LayerVertices=0
	 layer= 48 Customer Agreement Number
	LayerVertices=0
	 layer= 49 Device Group Masked
	queryDef=SUBTYPECD = 3 and DEVICEGROUPTYPE in (16, 17, 18, 19, 20, 21, 22, 23, 32, 33,36,47) and Status IN (5,30,1,2,3) or SUBTYPECD = 2 and DEVICEGROUPTYPE in (1, 2, 3, 4, 5, 6, 29,30, 33) and Status IN (5,30,1,2,3)
	LayerVertices=0
	 layer= 50 Bus Bar
	queryDef=STATUS > 0
	LayerVertices=6
	 layer= 51 Substation
	LayerVertices=0
	 layer= 52 Support Structure
	queryDef=Status IN (5,30,1,3)  AND SYMBOLNUMBER > 73
	LayerVertices=0
	 layer= 53 Subsurface Structure
	queryDef=status > 0 and (SUBTYPECD = 2 OR SUBTYPECD = 3)
	LayerVertices=0
	 layer= 54 Padmount Structure
	queryDef=Status > 0
	LayerVertices=0
	 layer= 55 Secondary Riser
	queryDef=Status > 0
	LayerVertices=0
	 layer= 56 Anchor
	queryDef=Status > 0 AND JOINTOWNED = 'Y'
	LayerVertices=0
	 layer= 57 Span Guy
	LayerVertices=0
	 layer= 58 Primary Riser
	queryDef=STATUS > 0
	LayerVertices=0
	 layer= 59 Primary Overhead Conductor
	queryDef=STATUS > 0
	LayerVertices=8
	 layer= 60 Primary Underground Conductor
	queryDef=STATUS > 0
	LayerVertices=95
	 layer= 61 Neutral Conductor
	LayerVertices=0
	 layer= 62 Secondary Overhead Conductor
	queryDef=SUBTYPECD < 5 and STATUS > 0
	LayerVertices=3
	 layer= 63 Secondary Underground Conductor
	queryDef=SUBTYPECD in (1, 2, 3, 4, 5, 7) and STATUS > 0
	LayerVertices=85
	 layer= 64 DC Conductor
	queryDef=STATUS > 0
	LayerVertices=0
	 layer= 65 Transformer Lead
	LayerVertices=2
	 layer= 66 Device Group Not Masked
	queryDef=SUBTYPECD = 3 and DEVICEGROUPTYPE in (1,2,3,4,5,6,7,8,9,10,11,12,13,14,15,24,25,26,27,28,29,30,31,34,35,37,38,39,40,41,42,43,44,45,46)  and Status IN (5,30,1,2,3) or SUBTYPECD = 2 and DEVICEGROUPTYPE in (7,8,9,10,11,12,13,14,15,16,17,18,19,20,21,22,23,24,25,26,27,28,31,32,34,36) and Status IN (5,30,1,2,3) or subtypecd = 1 and Status IN (5,30,1,2,3)
	LayerVertices=0
	 layer= 67 Enclosure
	queryDef=(SUBTYPECD = 4 OR SUBTYPECD = 5 OR SUBTYPECD = 6 OR SUBTYPECD = 7) and status > 0
	LayerVertices=0
	 layer= 68 Conduit System
	queryDef=(DEACTIVATEDINDICATOR = 'N' OR DEACTIVATEDINDICATOR IS NULL) and status > 0 and labeltext2 is not null and length(labeltext2) > 0
	LayerVertices=32
	 layer= 69 Vault Polygon
	queryDef=status > 0
	LayerVertices=0
	 layer= 70 POLPolygon
	LayerVertices=0
2/15/2022 4:18:28 AM Testing scale=2500
	 layer= 1 50 Scale Area 1-15k
	LayerVertices=0
	 layer= 2 Antenna
	queryDef=status > 0
	LayerVertices=0
	 layer= 3 PhotoVoltaicCell
	LayerVertices=0
	 layer= 4 DC Device
	queryDef=Status > 0
	LayerVertices=0
	 layer= 5 Fault Indicator
	queryDef=STATUS > 0
	LayerVertices=0
	 layer= 6 Substation
	LayerVertices=0
	 layer= 7 Primary Overhead Conductor
	queryDef=STATUS > 0
	LayerVertices=4
	 layer= 8 Primary Underground Conductor
	queryDef=STATUS > 0
	LayerVertices=882
	 layer= 9 Neutral Conductor
	LayerVertices=0
	 layer= 10 Vault Polygon
	queryDef=status > 0
	LayerVertices=0
	 layer= 11 POLPolygon
	LayerVertices=0
2/15/2022 4:18:42 AM Testing scale=500
	 layer= 1 50 Scale Area 1-15k
	LayerVertices=0
	 layer= 2 Anno - Capacitor Bank
	LayerVertices=0
	 layer= 3 Anno - Conduit
	LayerVertices=40
	 layer= 4 Anno - Customer Agreement Number
	LayerVertices=0
	 layer= 5 Anno - DC Device
	LayerVertices=0
	 layer= 6 Anno - DC Rectifier
	LayerVertices=0
	 layer= 7 Anno - Device Group
	LayerVertices=0
	 layer= 8 Anno - Dynamic Protective Device
	LayerVertices=0
	 layer= 9 Anno - Fuse
	LayerVertices=15
	 layer= 10 Anno - Neutral Conductor
	LayerVertices=0
	 layer= 11 Anno - Primary OH Conductor
	LayerVertices=0
	 layer= 12 Anno - Primary UG Conductor
	LayerVertices=65
	 layer= 13 Anno - Secondary OH Conductor
	LayerVertices=0
	 layer= 14 Anno - Secondary UG Conductor
	LayerVertices=80
	 layer= 15 Anno - Step Down
	LayerVertices=0
	 layer= 16 Anno - Substation
	LayerVertices=0
	 layer= 17 Anno - Subsurface Structure
	LayerVertices=0
	 layer= 18 Anno - Support Structure
	LayerVertices=0
	 layer= 19 Anno - Switch
	LayerVertices=35
	 layer= 20 Anno - Transformer
	LayerVertices=5
	 layer= 21 Anno - Voltage Regulator
	LayerVertices=0
	 layer= 22 Circuit Point
	queryDef=STATUS > 0  AND SUBTYPECD = 2
	LayerVertices=0
	 layer= 23 Dynamic Protective Device - Closed
	queryDef=STATUS IN (5,30,1,2,3) AND (NOT (NORMALPOSITION_A = 0 OR NORMALPOSITION_B=0 OR NORMALPOSITION_C=0) or (NORMALPOSITION_A IS NULL OR NORMALPOSITION_B IS NULL OR NORMALPOSITION_C IS NULL))
	LayerVertices=0
	 layer= 24 Dynamic Protective Device - Opened
	queryDef=STATUS IN (5,30,1,2,3) AND (NORMALPOSITION_A = 0 OR NORMALPOSITION_B=0 OR NORMALPOSITION_C=0)
	LayerVertices=0
	 layer= 25 Switch - Closed
	queryDef=STATUS > 0 AND (NOT (NORMALPOSITION_A = 0 OR NORMALPOSITION_B=0 OR NORMALPOSITION_C=0) or (NORMALPOSITION_A IS NULL OR NORMALPOSITION_B IS NULL OR NORMALPOSITION_C IS NULL))
	LayerVertices=0
	 layer= 26 Switch - Opened
	queryDef=STATUS IN (5,30,1,2,3) AND  (NORMALPOSITION_A = 0 OR NORMALPOSITION_B=0 OR NORMALPOSITION_C=0)
	LayerVertices=0
	 layer= 27 Fuse - Closed
	queryDef=STATUS > 0 AND (NOT (NORMALPOSITION_A = 0 OR NORMALPOSITION_B=0 OR NORMALPOSITION_C=0) or (NORMALPOSITION_A IS NULL OR NORMALPOSITION_B IS NULL OR NORMALPOSITION_C IS NULL))
	LayerVertices=0
	 layer= 28 Fuse - Opened
	queryDef=STATUS IN (5,30,1,2,3) AND (NORMALPOSITION_A = 0 OR NORMALPOSITION_B=0 OR NORMALPOSITION_C=0)
	LayerVertices=0
	 layer= 29 Open Point
	queryDef=STATUS > 0 AND SUBTYPECD <> 11
	LayerVertices=0
	 layer= 30 Conductor Tie
	queryDef=STATUS > 0
	LayerVertices=0
	 layer= 31 Capacitor Bank
	queryDef=STATUS > 0
	LayerVertices=0
	 layer= 32 Voltage Regulator
	queryDef=STATUS > 0
	LayerVertices=0
	 layer= 33 Step Down
	queryDef=STATUS > 0
	LayerVertices=0
	 layer= 34 Transformer
	queryDef=STATUS > 0
	LayerVertices=0
	 layer= 35 Antenna
	queryDef=status > 0
	LayerVertices=0
	 layer= 36 PhotoVoltaicCell
	LayerVertices=0
	 layer= 37 DC Device
	queryDef=Status > 0
	LayerVertices=0
	 layer= 38 DC Rectifier
	queryDef=STATUS > 0
	LayerVertices=0
	 layer= 39 Smart Meter Network Device
	queryDef=STATUS > 0
	LayerVertices=0
	 layer= 40 Fault Indicator
	queryDef=STATUS > 0
	LayerVertices=0
	 layer= 41 Load Check Point
	queryDef=STATUS > 0
	LayerVertices=0
	 layer= 42 Feature Note
	LayerVertices=0
	 layer= 43 Service Location
	queryDef=EDGIS.ServiceLocation.STATUS > 0
	LayerVertices=0
	 layer= 44 DC Service Location
	queryDef=STATUS > 0
	LayerVertices=0
	 layer= 45 Primary Meter
	queryDef=STATUS > 0
	LayerVertices=0
	 layer= 46 Delivery Point
	queryDef=STATUS > 0
	LayerVertices=0
	 layer= 47 Secondary Load Point
	LayerVertices=0
	 layer= 48 Customer Agreement Number
	LayerVertices=0
	 layer= 49 Device Group Masked
	queryDef=SUBTYPECD = 3 and DEVICEGROUPTYPE in (16, 17, 18, 19, 20, 21, 22, 23, 32, 33,36,47) and Status IN (5,30,1,2,3) or SUBTYPECD = 2 and DEVICEGROUPTYPE in (1, 2, 3, 4, 5, 6, 29,30, 33) and Status IN (5,30,1,2,3)
	LayerVertices=0
	 layer= 50 Bus Bar
	queryDef=STATUS > 0
	LayerVertices=18
	 layer= 51 Substation
	LayerVertices=0
	 layer= 52 Support Structure
	queryDef=Status IN (5,30,1,3)  AND SYMBOLNUMBER > 73
	LayerVertices=0
	 layer= 53 Subsurface Structure
	queryDef=status > 0 and (SUBTYPECD = 2 OR SUBTYPECD = 3)
	LayerVertices=0
	 layer= 54 Padmount Structure
	queryDef=Status > 0
	LayerVertices=0
	 layer= 55 Secondary Riser
	queryDef=Status > 0
	LayerVertices=0
	 layer= 56 Anchor
	queryDef=Status > 0 AND JOINTOWNED = 'Y'
	LayerVertices=0
	 layer= 57 Span Guy
	LayerVertices=0
	 layer= 58 Primary Riser
	queryDef=STATUS > 0
	LayerVertices=0
	 layer= 59 Primary Overhead Conductor
	queryDef=STATUS > 0
	LayerVertices=0
	 layer= 60 Primary Underground Conductor
	queryDef=STATUS > 0
	LayerVertices=102
	 layer= 61 Neutral Conductor
	LayerVertices=0
	 layer= 62 Secondary Overhead Conductor
	queryDef=SUBTYPECD < 5 and STATUS > 0
	LayerVertices=0
	 layer= 63 Secondary Underground Conductor
	queryDef=SUBTYPECD in (1, 2, 3, 4, 5, 7) and STATUS > 0
	LayerVertices=77
	 layer= 64 DC Conductor
	queryDef=STATUS > 0
	LayerVertices=0
	 layer= 65 Transformer Lead
	LayerVertices=0
	 layer= 66 Device Group Not Masked
	queryDef=SUBTYPECD = 3 and DEVICEGROUPTYPE in (1,2,3,4,5,6,7,8,9,10,11,12,13,14,15,24,25,26,27,28,29,30,31,34,35,37,38,39,40,41,42,43,44,45,46)  and Status IN (5,30,1,2,3) or SUBTYPECD = 2 and DEVICEGROUPTYPE in (7,8,9,10,11,12,13,14,15,16,17,18,19,20,21,22,23,24,25,26,27,28,31,32,34,36) and Status IN (5,30,1,2,3) or subtypecd = 1 and Status IN (5,30,1,2,3)
	LayerVertices=0
	 layer= 67 Enclosure
	queryDef=(SUBTYPECD = 4 OR SUBTYPECD = 5 OR SUBTYPECD = 6 OR SUBTYPECD = 7) and status > 0
	LayerVertices=0
	 layer= 68 Conduit System
	queryDef=(DEACTIVATEDINDICATOR = 'N' OR DEACTIVATEDINDICATOR IS NULL) and status > 0 and labeltext2 is not null and length(labeltext2) > 0
	LayerVertices=58
	 layer= 69 Vault Polygon
	queryDef=status > 0
	LayerVertices=0
	 layer= 70 POLPolygon
	LayerVertices=0
2/15/2022 4:20:00 AM Testing scale=2500
	 layer= 1 50 Scale Area 1-15k
	LayerVertices=0
	 layer= 2 Antenna
	queryDef=status > 0
	LayerVertices=0
	 layer= 3 PhotoVoltaicCell
	LayerVertices=0
	 layer= 4 DC Device
	queryDef=Status > 0
	LayerVertices=0
	 layer= 5 Fault Indicator
	queryDef=STATUS > 0
	LayerVertices=0
	 layer= 6 Substation
	LayerVertices=0
	 layer= 7 Primary Overhead Conductor
	queryDef=STATUS > 0
	LayerVertices=179
	 layer= 8 Primary Underground Conductor
	queryDef=STATUS > 0
	LayerVertices=105
	 layer= 9 Neutral Conductor
	LayerVertices=0
	 layer= 10 Vault Polygon
	queryDef=status > 0
	LayerVertices=0
	 layer= 11 POLPolygon
	LayerVertices=0
2/15/2022 4:20:13 AM Testing scale=500
	 layer= 1 50 Scale Area 1-15k
	LayerVertices=0
	 layer= 2 Anno - Capacitor Bank
	LayerVertices=0
	 layer= 3 Anno - Conduit
	LayerVertices=0
	 layer= 4 Anno - Customer Agreement Number
	LayerVertices=0
	 layer= 5 Anno - DC Device
	LayerVertices=0
	 layer= 6 Anno - DC Rectifier
	LayerVertices=0
	 layer= 7 Anno - Device Group
	LayerVertices=0
	 layer= 8 Anno - Dynamic Protective Device
	LayerVertices=0
	 layer= 9 Anno - Fuse
	LayerVertices=20
	 layer= 10 Anno - Neutral Conductor
	LayerVertices=0
	 layer= 11 Anno - Primary OH Conductor
	LayerVertices=15
	 layer= 12 Anno - Primary UG Conductor
	LayerVertices=0
	 layer= 13 Anno - Secondary OH Conductor
	LayerVertices=5
	 layer= 14 Anno - Secondary UG Conductor
	LayerVertices=10
	 layer= 15 Anno - Step Down
	LayerVertices=0
	 layer= 16 Anno - Substation
	LayerVertices=0
	 layer= 17 Anno - Subsurface Structure
	LayerVertices=0
	 layer= 18 Anno - Support Structure
	LayerVertices=30
	 layer= 19 Anno - Switch
	LayerVertices=10
	 layer= 20 Anno - Transformer
	LayerVertices=50
	 layer= 21 Anno - Voltage Regulator
	LayerVertices=0
	 layer= 22 Circuit Point
	queryDef=STATUS > 0  AND SUBTYPECD = 2
	LayerVertices=0
	 layer= 23 Dynamic Protective Device - Closed
	queryDef=STATUS IN (5,30,1,2,3) AND (NOT (NORMALPOSITION_A = 0 OR NORMALPOSITION_B=0 OR NORMALPOSITION_C=0) or (NORMALPOSITION_A IS NULL OR NORMALPOSITION_B IS NULL OR NORMALPOSITION_C IS NULL))
	LayerVertices=0
	 layer= 24 Dynamic Protective Device - Opened
	queryDef=STATUS IN (5,30,1,2,3) AND (NORMALPOSITION_A = 0 OR NORMALPOSITION_B=0 OR NORMALPOSITION_C=0)
	LayerVertices=0
	 layer= 25 Switch - Closed
	queryDef=STATUS > 0 AND (NOT (NORMALPOSITION_A = 0 OR NORMALPOSITION_B=0 OR NORMALPOSITION_C=0) or (NORMALPOSITION_A IS NULL OR NORMALPOSITION_B IS NULL OR NORMALPOSITION_C IS NULL))
	LayerVertices=0
	 layer= 26 Switch - Opened
	queryDef=STATUS IN (5,30,1,2,3) AND  (NORMALPOSITION_A = 0 OR NORMALPOSITION_B=0 OR NORMALPOSITION_C=0)
	LayerVertices=0
	 layer= 27 Fuse - Closed
	queryDef=STATUS > 0 AND (NOT (NORMALPOSITION_A = 0 OR NORMALPOSITION_B=0 OR NORMALPOSITION_C=0) or (NORMALPOSITION_A IS NULL OR NORMALPOSITION_B IS NULL OR NORMALPOSITION_C IS NULL))
	LayerVertices=0
	 layer= 28 Fuse - Opened
	queryDef=STATUS IN (5,30,1,2,3) AND (NORMALPOSITION_A = 0 OR NORMALPOSITION_B=0 OR NORMALPOSITION_C=0)
	LayerVertices=0
	 layer= 29 Open Point
	queryDef=STATUS > 0 AND SUBTYPECD <> 11
	LayerVertices=0
	 layer= 30 Conductor Tie
	queryDef=STATUS > 0
	LayerVertices=0
	 layer= 31 Capacitor Bank
	queryDef=STATUS > 0
	LayerVertices=0
	 layer= 32 Voltage Regulator
	queryDef=STATUS > 0
	LayerVertices=0
	 layer= 33 Step Down
	queryDef=STATUS > 0
	LayerVertices=0
	 layer= 34 Transformer
	queryDef=STATUS > 0
	LayerVertices=0
	 layer= 35 Antenna
	queryDef=status > 0
	LayerVertices=0
	 layer= 36 PhotoVoltaicCell
	LayerVertices=0
	 layer= 37 DC Device
	queryDef=Status > 0
	LayerVertices=0
	 layer= 38 DC Rectifier
	queryDef=STATUS > 0
	LayerVertices=0
	 layer= 39 Smart Meter Network Device
	queryDef=STATUS > 0
	LayerVertices=0
	 layer= 40 Fault Indicator
	queryDef=STATUS > 0
	LayerVertices=0
	 layer= 41 Load Check Point
	queryDef=STATUS > 0
	LayerVertices=0
	 layer= 42 Feature Note
	LayerVertices=0
	 layer= 43 Service Location
	queryDef=EDGIS.ServiceLocation.STATUS > 0
	LayerVertices=0
	 layer= 44 DC Service Location
	queryDef=STATUS > 0
	LayerVertices=0
	 layer= 45 Primary Meter
	queryDef=STATUS > 0
	LayerVertices=0
	 layer= 46 Delivery Point
	queryDef=STATUS > 0
	LayerVertices=0
	 layer= 47 Secondary Load Point
	LayerVertices=0
	 layer= 48 Customer Agreement Number
	LayerVertices=0
	 layer= 49 Device Group Masked
	queryDef=SUBTYPECD = 3 and DEVICEGROUPTYPE in (16, 17, 18, 19, 20, 21, 22, 23, 32, 33,36,47) and Status IN (5,30,1,2,3) or SUBTYPECD = 2 and DEVICEGROUPTYPE in (1, 2, 3, 4, 5, 6, 29,30, 33) and Status IN (5,30,1,2,3)
	LayerVertices=0
	 layer= 50 Bus Bar
	queryDef=STATUS > 0
	LayerVertices=0
	 layer= 51 Substation
	LayerVertices=0
	 layer= 52 Support Structure
	queryDef=Status IN (5,30,1,3)  AND SYMBOLNUMBER > 73
	LayerVertices=0
	 layer= 53 Subsurface Structure
	queryDef=status > 0 and (SUBTYPECD = 2 OR SUBTYPECD = 3)
	LayerVertices=0
	 layer= 54 Padmount Structure
	queryDef=Status > 0
	LayerVertices=0
	 layer= 55 Secondary Riser
	queryDef=Status > 0
	LayerVertices=0
	 layer= 56 Anchor
	queryDef=Status > 0 AND JOINTOWNED = 'Y'
	LayerVertices=0
	 layer= 57 Span Guy
	LayerVertices=0
	 layer= 58 Primary Riser
	queryDef=STATUS > 0
	LayerVertices=0
	 layer= 59 Primary Overhead Conductor
	queryDef=STATUS > 0
	LayerVertices=47
	 layer= 60 Primary Underground Conductor
	queryDef=STATUS > 0
	LayerVertices=5
	 layer= 61 Neutral Conductor
	LayerVertices=0
	 layer= 62 Secondary Overhead Conductor
	queryDef=SUBTYPECD < 5 and STATUS > 0
	LayerVertices=4
	 layer= 63 Secondary Underground Conductor
	queryDef=SUBTYPECD in (1, 2, 3, 4, 5, 7) and STATUS > 0
	LayerVertices=8
	 layer= 64 DC Conductor
	queryDef=STATUS > 0
	LayerVertices=0
	 layer= 65 Transformer Lead
	LayerVertices=2
	 layer= 66 Device Group Not Masked
	queryDef=SUBTYPECD = 3 and DEVICEGROUPTYPE in (1,2,3,4,5,6,7,8,9,10,11,12,13,14,15,24,25,26,27,28,29,30,31,34,35,37,38,39,40,41,42,43,44,45,46)  and Status IN (5,30,1,2,3) or SUBTYPECD = 2 and DEVICEGROUPTYPE in (7,8,9,10,11,12,13,14,15,16,17,18,19,20,21,22,23,24,25,26,27,28,31,32,34,36) and Status IN (5,30,1,2,3) or subtypecd = 1 and Status IN (5,30,1,2,3)
	LayerVertices=0
	 layer= 67 Enclosure
	queryDef=(SUBTYPECD = 4 OR SUBTYPECD = 5 OR SUBTYPECD = 6 OR SUBTYPECD = 7) and status > 0
	LayerVertices=0
	 layer= 68 Conduit System
	queryDef=(DEACTIVATEDINDICATOR = 'N' OR DEACTIVATEDINDICATOR IS NULL) and status > 0 and labeltext2 is not null and length(labeltext2) > 0
	LayerVertices=0
	 layer= 69 Vault Polygon
	queryDef=status > 0
	LayerVertices=0
	 layer= 70 POLPolygon
	LayerVertices=0
2/15/2022 4:21:30 AM Testing scale=2500
	 layer= 1 50 Scale Area 1-15k
	LayerVertices=0
	 layer= 2 Antenna
	queryDef=status > 0
	LayerVertices=0
	 layer= 3 PhotoVoltaicCell
	LayerVertices=0
	 layer= 4 DC Device
	queryDef=Status > 0
	LayerVertices=0
	 layer= 5 Fault Indicator
	queryDef=STATUS > 0
	LayerVertices=0
	 layer= 6 Substation
	LayerVertices=0
	 layer= 7 Primary Overhead Conductor
	queryDef=STATUS > 0
	LayerVertices=178
	 layer= 8 Primary Underground Conductor
	queryDef=STATUS > 0
	LayerVertices=439
	 layer= 9 Neutral Conductor
	LayerVertices=0
	 layer= 10 Vault Polygon
	queryDef=status > 0
	LayerVertices=5
	 layer= 11 POLPolygon
	LayerVertices=0
2/15/2022 4:21:43 AM Testing scale=500
	 layer= 1 50 Scale Area 1-15k
	LayerVertices=0
	 layer= 2 Anno - Capacitor Bank
	LayerVertices=0
	 layer= 3 Anno - Conduit
	LayerVertices=5
	 layer= 4 Anno - Customer Agreement Number
	LayerVertices=5
	 layer= 5 Anno - DC Device
	LayerVertices=0
	 layer= 6 Anno - DC Rectifier
	LayerVertices=0
	 layer= 7 Anno - Device Group
	LayerVertices=0
	 layer= 8 Anno - Dynamic Protective Device
	LayerVertices=0
	 layer= 9 Anno - Fuse
	LayerVertices=15
	 layer= 10 Anno - Neutral Conductor
	LayerVertices=0
	 layer= 11 Anno - Primary OH Conductor
	LayerVertices=20
	 layer= 12 Anno - Primary UG Conductor
	LayerVertices=35
	 layer= 13 Anno - Secondary OH Conductor
	LayerVertices=15
	 layer= 14 Anno - Secondary UG Conductor
	LayerVertices=40
	 layer= 15 Anno - Step Down
	LayerVertices=0
	 layer= 16 Anno - Substation
	LayerVertices=0
	 layer= 17 Anno - Subsurface Structure
	LayerVertices=0
	 layer= 18 Anno - Support Structure
	LayerVertices=30
	 layer= 19 Anno - Switch
	LayerVertices=15
	 layer= 20 Anno - Transformer
	LayerVertices=25
	 layer= 21 Anno - Voltage Regulator
	LayerVertices=0
	 layer= 22 Circuit Point
	queryDef=STATUS > 0  AND SUBTYPECD = 2
	LayerVertices=0
	 layer= 23 Dynamic Protective Device - Closed
	queryDef=STATUS IN (5,30,1,2,3) AND (NOT (NORMALPOSITION_A = 0 OR NORMALPOSITION_B=0 OR NORMALPOSITION_C=0) or (NORMALPOSITION_A IS NULL OR NORMALPOSITION_B IS NULL OR NORMALPOSITION_C IS NULL))
	LayerVertices=0
	 layer= 24 Dynamic Protective Device - Opened
	queryDef=STATUS IN (5,30,1,2,3) AND (NORMALPOSITION_A = 0 OR NORMALPOSITION_B=0 OR NORMALPOSITION_C=0)
	LayerVertices=0
	 layer= 25 Switch - Closed
	queryDef=STATUS > 0 AND (NOT (NORMALPOSITION_A = 0 OR NORMALPOSITION_B=0 OR NORMALPOSITION_C=0) or (NORMALPOSITION_A IS NULL OR NORMALPOSITION_B IS NULL OR NORMALPOSITION_C IS NULL))
	LayerVertices=0
	 layer= 26 Switch - Opened
	queryDef=STATUS IN (5,30,1,2,3) AND  (NORMALPOSITION_A = 0 OR NORMALPOSITION_B=0 OR NORMALPOSITION_C=0)
	LayerVertices=0
	 layer= 27 Fuse - Closed
	queryDef=STATUS > 0 AND (NOT (NORMALPOSITION_A = 0 OR NORMALPOSITION_B=0 OR NORMALPOSITION_C=0) or (NORMALPOSITION_A IS NULL OR NORMALPOSITION_B IS NULL OR NORMALPOSITION_C IS NULL))
	LayerVertices=0
	 layer= 28 Fuse - Opened
	queryDef=STATUS IN (5,30,1,2,3) AND (NORMALPOSITION_A = 0 OR NORMALPOSITION_B=0 OR NORMALPOSITION_C=0)
	LayerVertices=0
	 layer= 29 Open Point
	queryDef=STATUS > 0 AND SUBTYPECD <> 11
	LayerVertices=0
	 layer= 30 Conductor Tie
	queryDef=STATUS > 0
	LayerVertices=0
	 layer= 31 Capacitor Bank
	queryDef=STATUS > 0
	LayerVertices=0
	 layer= 32 Voltage Regulator
	queryDef=STATUS > 0
	LayerVertices=0
	 layer= 33 Step Down
	queryDef=STATUS > 0
	LayerVertices=0
	 layer= 34 Transformer
	queryDef=STATUS > 0
	LayerVertices=0
	 layer= 35 Antenna
	queryDef=status > 0
	LayerVertices=0
	 layer= 36 PhotoVoltaicCell
	LayerVertices=0
	 layer= 37 DC Device
	queryDef=Status > 0
	LayerVertices=0
	 layer= 38 DC Rectifier
	queryDef=STATUS > 0
	LayerVertices=0
	 layer= 39 Smart Meter Network Device
	queryDef=STATUS > 0
	LayerVertices=0
	 layer= 40 Fault Indicator
	queryDef=STATUS > 0
	LayerVertices=0
	 layer= 41 Load Check Point
	queryDef=STATUS > 0
	LayerVertices=0
	 layer= 42 Feature Note
	LayerVertices=0
	 layer= 43 Service Location
	queryDef=EDGIS.ServiceLocation.STATUS > 0
	LayerVertices=0
	 layer= 44 DC Service Location
	queryDef=STATUS > 0
	LayerVertices=0
	 layer= 45 Primary Meter
	queryDef=STATUS > 0
	LayerVertices=0
	 layer= 46 Delivery Point
	queryDef=STATUS > 0
	LayerVertices=0
	 layer= 47 Secondary Load Point
	LayerVertices=0
	 layer= 48 Customer Agreement Number
	LayerVertices=0
	 layer= 49 Device Group Masked
	queryDef=SUBTYPECD = 3 and DEVICEGROUPTYPE in (16, 17, 18, 19, 20, 21, 22, 23, 32, 33,36,47) and Status IN (5,30,1,2,3) or SUBTYPECD = 2 and DEVICEGROUPTYPE in (1, 2, 3, 4, 5, 6, 29,30, 33) and Status IN (5,30,1,2,3)
	LayerVertices=0
	 layer= 50 Bus Bar
	queryDef=STATUS > 0
	LayerVertices=6
	 layer= 51 Substation
	LayerVertices=0
	 layer= 52 Support Structure
	queryDef=Status IN (5,30,1,3)  AND SYMBOLNUMBER > 73
	LayerVertices=0
	 layer= 53 Subsurface Structure
	queryDef=status > 0 and (SUBTYPECD = 2 OR SUBTYPECD = 3)
	LayerVertices=0
	 layer= 54 Padmount Structure
	queryDef=Status > 0
	LayerVertices=0
	 layer= 55 Secondary Riser
	queryDef=Status > 0
	LayerVertices=0
	 layer= 56 Anchor
	queryDef=Status > 0 AND JOINTOWNED = 'Y'
	LayerVertices=0
	 layer= 57 Span Guy
	LayerVertices=0
	 layer= 58 Primary Riser
	queryDef=STATUS > 0
	LayerVertices=0
	 layer= 59 Primary Overhead Conductor
	queryDef=STATUS > 0
	LayerVertices=14
	 layer= 60 Primary Underground Conductor
	queryDef=STATUS > 0
	LayerVertices=31
	 layer= 61 Neutral Conductor
	LayerVertices=0
	 layer= 62 Secondary Overhead Conductor
	queryDef=SUBTYPECD < 5 and STATUS > 0
	LayerVertices=8
	 layer= 63 Secondary Underground Conductor
	queryDef=SUBTYPECD in (1, 2, 3, 4, 5, 7) and STATUS > 0
	LayerVertices=37
	 layer= 64 DC Conductor
	queryDef=STATUS > 0
	LayerVertices=0
	 layer= 65 Transformer Lead
	LayerVertices=2
	 layer= 66 Device Group Not Masked
	queryDef=SUBTYPECD = 3 and DEVICEGROUPTYPE in (1,2,3,4,5,6,7,8,9,10,11,12,13,14,15,24,25,26,27,28,29,30,31,34,35,37,38,39,40,41,42,43,44,45,46)  and Status IN (5,30,1,2,3) or SUBTYPECD = 2 and DEVICEGROUPTYPE in (7,8,9,10,11,12,13,14,15,16,17,18,19,20,21,22,23,24,25,26,27,28,31,32,34,36) and Status IN (5,30,1,2,3) or subtypecd = 1 and Status IN (5,30,1,2,3)
	LayerVertices=0
	 layer= 67 Enclosure
	queryDef=(SUBTYPECD = 4 OR SUBTYPECD = 5 OR SUBTYPECD = 6 OR SUBTYPECD = 7) and status > 0
	LayerVertices=0
	 layer= 68 Conduit System
	queryDef=(DEACTIVATEDINDICATOR = 'N' OR DEACTIVATEDINDICATOR IS NULL) and status > 0 and labeltext2 is not null and length(labeltext2) > 0
	LayerVertices=0
	 layer= 69 Vault Polygon
	queryDef=status > 0
	LayerVertices=0
	 layer= 70 POLPolygon
	LayerVertices=0
2/15/2022 4:23:00 AM Testing scale=2500
	 layer= 1 50 Scale Area 1-15k
	LayerVertices=0
	 layer= 2 Antenna
	queryDef=status > 0
	LayerVertices=0
	 layer= 3 PhotoVoltaicCell
	LayerVertices=0
	 layer= 4 DC Device
	queryDef=Status > 0
	LayerVertices=0
	 layer= 5 Fault Indicator
	queryDef=STATUS > 0
	LayerVertices=0
	 layer= 6 Substation
	LayerVertices=0
	 layer= 7 Primary Overhead Conductor
	queryDef=STATUS > 0
	LayerVertices=168
	 layer= 8 Primary Underground Conductor
	queryDef=STATUS > 0
	LayerVertices=171
	 layer= 9 Neutral Conductor
	LayerVertices=0
	 layer= 10 Vault Polygon
	queryDef=status > 0
	LayerVertices=0
	 layer= 11 POLPolygon
	LayerVertices=0
2/15/2022 4:23:12 AM Testing scale=500
	 layer= 1 50 Scale Area 1-15k
	LayerVertices=0
	 layer= 2 Anno - Capacitor Bank
	LayerVertices=0
	 layer= 3 Anno - Conduit
	LayerVertices=30
	 layer= 4 Anno - Customer Agreement Number
	LayerVertices=0
	 layer= 5 Anno - DC Device
	LayerVertices=0
	 layer= 6 Anno - DC Rectifier
	LayerVertices=0
	 layer= 7 Anno - Device Group
	LayerVertices=5
	 layer= 8 Anno - Dynamic Protective Device
	LayerVertices=0
	 layer= 9 Anno - Fuse
	LayerVertices=30
	 layer= 10 Anno - Neutral Conductor
	LayerVertices=0
	 layer= 11 Anno - Primary OH Conductor
	LayerVertices=10
	 layer= 12 Anno - Primary UG Conductor
	LayerVertices=60
	 layer= 13 Anno - Secondary OH Conductor
	LayerVertices=0
	 layer= 14 Anno - Secondary UG Conductor
	LayerVertices=15
	 layer= 15 Anno - Step Down
	LayerVertices=0
	 layer= 16 Anno - Substation
	LayerVertices=0
	 layer= 17 Anno - Subsurface Structure
	LayerVertices=0
	 layer= 18 Anno - Support Structure
	LayerVertices=30
	 layer= 19 Anno - Switch
	LayerVertices=35
	 layer= 20 Anno - Transformer
	LayerVertices=15
	 layer= 21 Anno - Voltage Regulator
	LayerVertices=0
	 layer= 22 Circuit Point
	queryDef=STATUS > 0  AND SUBTYPECD = 2
	LayerVertices=0
	 layer= 23 Dynamic Protective Device - Closed
	queryDef=STATUS IN (5,30,1,2,3) AND (NOT (NORMALPOSITION_A = 0 OR NORMALPOSITION_B=0 OR NORMALPOSITION_C=0) or (NORMALPOSITION_A IS NULL OR NORMALPOSITION_B IS NULL OR NORMALPOSITION_C IS NULL))
	LayerVertices=0
	 layer= 24 Dynamic Protective Device - Opened
	queryDef=STATUS IN (5,30,1,2,3) AND (NORMALPOSITION_A = 0 OR NORMALPOSITION_B=0 OR NORMALPOSITION_C=0)
	LayerVertices=0
	 layer= 25 Switch - Closed
	queryDef=STATUS > 0 AND (NOT (NORMALPOSITION_A = 0 OR NORMALPOSITION_B=0 OR NORMALPOSITION_C=0) or (NORMALPOSITION_A IS NULL OR NORMALPOSITION_B IS NULL OR NORMALPOSITION_C IS NULL))
	LayerVertices=0
	 layer= 26 Switch - Opened
	queryDef=STATUS IN (5,30,1,2,3) AND  (NORMALPOSITION_A = 0 OR NORMALPOSITION_B=0 OR NORMALPOSITION_C=0)
	LayerVertices=0
	 layer= 27 Fuse - Closed
	queryDef=STATUS > 0 AND (NOT (NORMALPOSITION_A = 0 OR NORMALPOSITION_B=0 OR NORMALPOSITION_C=0) or (NORMALPOSITION_A IS NULL OR NORMALPOSITION_B IS NULL OR NORMALPOSITION_C IS NULL))
	LayerVertices=0
	 layer= 28 Fuse - Opened
	queryDef=STATUS IN (5,30,1,2,3) AND (NORMALPOSITION_A = 0 OR NORMALPOSITION_B=0 OR NORMALPOSITION_C=0)
	LayerVertices=0
	 layer= 29 Open Point
	queryDef=STATUS > 0 AND SUBTYPECD <> 11
	LayerVertices=0
	 layer= 30 Conductor Tie
	queryDef=STATUS > 0
	LayerVertices=0
	 layer= 31 Capacitor Bank
	queryDef=STATUS > 0
	LayerVertices=0
	 layer= 32 Voltage Regulator
	queryDef=STATUS > 0
	LayerVertices=0
	 layer= 33 Step Down
	queryDef=STATUS > 0
	LayerVertices=0
	 layer= 34 Transformer
	queryDef=STATUS > 0
	LayerVertices=0
	 layer= 35 Antenna
	queryDef=status > 0
	LayerVertices=0
	 layer= 36 PhotoVoltaicCell
	LayerVertices=0
	 layer= 37 DC Device
	queryDef=Status > 0
	LayerVertices=0
	 layer= 38 DC Rectifier
	queryDef=STATUS > 0
	LayerVertices=0
	 layer= 39 Smart Meter Network Device
	queryDef=STATUS > 0
	LayerVertices=0
	 layer= 40 Fault Indicator
	queryDef=STATUS > 0
	LayerVertices=0
	 layer= 41 Load Check Point
	queryDef=STATUS > 0
	LayerVertices=0
	 layer= 42 Feature Note
	LayerVertices=0
	 layer= 43 Service Location
	queryDef=EDGIS.ServiceLocation.STATUS > 0
	LayerVertices=0
	 layer= 44 DC Service Location
	queryDef=STATUS > 0
	LayerVertices=0
	 layer= 45 Primary Meter
	queryDef=STATUS > 0
	LayerVertices=0
	 layer= 46 Delivery Point
	queryDef=STATUS > 0
	LayerVertices=0
	 layer= 47 Secondary Load Point
	LayerVertices=0
	 layer= 48 Customer Agreement Number
	LayerVertices=0
	 layer= 49 Device Group Masked
	queryDef=SUBTYPECD = 3 and DEVICEGROUPTYPE in (16, 17, 18, 19, 20, 21, 22, 23, 32, 33,36,47) and Status IN (5,30,1,2,3) or SUBTYPECD = 2 and DEVICEGROUPTYPE in (1, 2, 3, 4, 5, 6, 29,30, 33) and Status IN (5,30,1,2,3)
	LayerVertices=0
	 layer= 50 Bus Bar
	queryDef=STATUS > 0
	LayerVertices=29
	 layer= 51 Substation
	LayerVertices=0
	 layer= 52 Support Structure
	queryDef=Status IN (5,30,1,3)  AND SYMBOLNUMBER > 73
	LayerVertices=0
	 layer= 53 Subsurface Structure
	queryDef=status > 0 and (SUBTYPECD = 2 OR SUBTYPECD = 3)
	LayerVertices=0
	 layer= 54 Padmount Structure
	queryDef=Status > 0
	LayerVertices=0
	 layer= 55 Secondary Riser
	queryDef=Status > 0
	LayerVertices=0
	 layer= 56 Anchor
	queryDef=Status > 0 AND JOINTOWNED = 'Y'
	LayerVertices=0
	 layer= 57 Span Guy
	LayerVertices=0
	 layer= 58 Primary Riser
	queryDef=STATUS > 0
	LayerVertices=0
	 layer= 59 Primary Overhead Conductor
	queryDef=STATUS > 0
	LayerVertices=24
	 layer= 60 Primary Underground Conductor
	queryDef=STATUS > 0
	LayerVertices=86
	 layer= 61 Neutral Conductor
	LayerVertices=0
	 layer= 62 Secondary Overhead Conductor
	queryDef=SUBTYPECD < 5 and STATUS > 0
	LayerVertices=0
	 layer= 63 Secondary Underground Conductor
	queryDef=SUBTYPECD in (1, 2, 3, 4, 5, 7) and STATUS > 0
	LayerVertices=13
	 layer= 64 DC Conductor
	queryDef=STATUS > 0
	LayerVertices=0
	 layer= 65 Transformer Lead
	LayerVertices=2
	 layer= 66 Device Group Not Masked
	queryDef=SUBTYPECD = 3 and DEVICEGROUPTYPE in (1,2,3,4,5,6,7,8,9,10,11,12,13,14,15,24,25,26,27,28,29,30,31,34,35,37,38,39,40,41,42,43,44,45,46)  and Status IN (5,30,1,2,3) or SUBTYPECD = 2 and DEVICEGROUPTYPE in (7,8,9,10,11,12,13,14,15,16,17,18,19,20,21,22,23,24,25,26,27,28,31,32,34,36) and Status IN (5,30,1,2,3) or subtypecd = 1 and Status IN (5,30,1,2,3)
	LayerVertices=0
	 layer= 67 Enclosure
	queryDef=(SUBTYPECD = 4 OR SUBTYPECD = 5 OR SUBTYPECD = 6 OR SUBTYPECD = 7) and status > 0
	LayerVertices=0
	 layer= 68 Conduit System
	queryDef=(DEACTIVATEDINDICATOR = 'N' OR DEACTIVATEDINDICATOR IS NULL) and status > 0 and labeltext2 is not null and length(labeltext2) > 0
	LayerVertices=30
	 layer= 69 Vault Polygon
	queryDef=status > 0
	LayerVertices=0
	 layer= 70 POLPolygon
	LayerVertices=0