<Window x:Class="ROBCApp.Home"
        xmlns="http://schemas.microsoft.com/winfx/2006/xaml/presentation"
        xmlns:x="http://schemas.microsoft.com/winfx/2006/xaml"
        Title="Home" Height="650" Width="800" Background="#F2F2F2">

    <Grid>
        <TabControl BorderThickness="1,0,1,1" BorderBrush="#D8D8D3" Margin="10" Padding="0" Grid.Row="1">
            <TabControl.Resources>
                <Style TargetType="TabItem">
                    <Setter Property="Padding" Value="15" />
                    <Setter Property="FontFamily" Value="Calibri" />
                    <Setter Property="FontSize" Value="15" />
                    <Setter Property="FontWeight" Value="Bold" />
                    <Setter Property="Template">
                        <Setter.Value>
                            <ControlTemplate TargetType="TabItem">
                                <Border Name="Border" BorderThickness="1,1,1,0" BorderBrush="#BABABA" CornerRadius="4,4,0,0" Margin="-2,0,7,0">
                                    <ContentPresenter x:Name="ContentSite"
                                        VerticalAlignment="Center"
                                        HorizontalAlignment="Center"
                                        ContentSource="Header"
                                        Margin="10"/>
                                </Border>
                                <ControlTemplate.Triggers>
                                    <Trigger Property="IsSelected" Value="True">
                                        <Setter TargetName="Border" Property="Background" Value="#D8D8D3" />
                                    </Trigger>
                                    <Trigger Property="IsSelected" Value="False">
                                        <Setter TargetName="Border" Property="Background" Value="GhostWhite" />
                                    </Trigger>
                                </ControlTemplate.Triggers>
                            </ControlTemplate>
                        </Setter.Value>
                    </Setter>
                </Style>
            </TabControl.Resources>
            <TabItem Header="Manage ROBC" BorderThickness="0">
                <Border BorderBrush="#D8D8D3" CornerRadius="2" BorderThickness="0">
                    <Border.Background>
                        <LinearGradientBrush EndPoint="1.036,0.367" StartPoint="-0.194,0.362">
                            <GradientStop Color="#D8D8D3" Offset="0.3"/>
                            <GradientStop Color="#EDEDED" Offset="0.8"/>
                        </LinearGradientBrush>
                    </Border.Background>
                    <Frame Source="ROBCCircuitFinder.xaml" BorderThickness="0" Name="ManageROBCFrame" NavigationUIVisibility="Hidden"></Frame>
                </Border>

            </TabItem>
            <TabItem Header="Unassigned ROBCs">
                <Border BorderBrush="#D8D8D3" CornerRadius="2" BorderThickness="0">
                    <Border.Background>
                        <LinearGradientBrush EndPoint="1.036,0.367" StartPoint="-0.194,0.362">
                            <GradientStop Color="#D8D8D3" Offset="0.3"/>
                            <GradientStop Color="#EDEDED" Offset="0.8"/>
                        </LinearGradientBrush>
                    </Border.Background>
                    <Frame Source="UnassignedROBCs.xaml"  NavigationUIVisibility="Hidden"></Frame>
                </Border>
            </TabItem>
            <TabItem Header="Manage PCP">
                <Border BorderBrush="#D8D8D3" CornerRadius="2" BorderThickness="0">
                    <Border.Background>
                        <LinearGradientBrush EndPoint="1.036,0.367" StartPoint="-0.194,0.362">
                            <GradientStop Color="#D8D8D3" Offset="0.3"/>
                            <GradientStop Color="#EDEDED" Offset="0.8"/>
                        </LinearGradientBrush>
                    </Border.Background>
                    <Frame Source="PCPFinder.xaml" Name="PCPFinderFrame" NavigationUIVisibility="Hidden"></Frame>
                </Border>
            </TabItem>
            <TabItem Header="Invalid PCPs">
                <Border BorderBrush="#D8D8D3" CornerRadius="2" BorderThickness="0">
                    <Border.Background>
                        <LinearGradientBrush EndPoint="1.036,0.367" StartPoint="-0.194,0.362">
                            <GradientStop Color="#D8D8D3" Offset="0.3"/>
                            <GradientStop Color="#EDEDED" Offset="0.8"/>
                        </LinearGradientBrush>
                    </Border.Background>

                    <Frame Source="InvalidPCPs.xaml"></Frame>
                </Border>
            </TabItem>
            <TabItem Header="Reports">
                <Border BorderBrush="#D8D8D3" CornerRadius="2" BorderThickness="0">
                    <Border.Background>
                        <LinearGradientBrush EndPoint="1.036,0.367" StartPoint="-0.194,0.362">
                            <GradientStop Color="#D8D8D3" Offset="0.3"/>
                            <GradientStop Color="#EDEDED" Offset="0.8"/>
                        </LinearGradientBrush>
                    </Border.Background>

                    <Frame Source="Reports.xaml"></Frame>
                </Border>
            </TabItem>
        </TabControl>
    </Grid>
</Window>

