
2/15/2022 4:01:20 AM Testing scale=2500
	 layer= 1 50 Scale Area 1-15k
	LayerVertices=38
	 layer= 2 Antenna
	queryDef=status > 0
	LayerVertices=0
	 layer= 3 PhotoVoltaicCell
	LayerVertices=0
	 layer= 4 DC Device
	queryDef=Status > 0
	LayerVertices=0
	 layer= 5 Fault Indicator
	queryDef=STATUS > 0
	LayerVertices=0
	 layer= 6 Substation
	LayerVertices=0
	 layer= 7 Primary Overhead Conductor
	queryDef=STATUS > 0
	LayerVertices=212
	 layer= 8 Primary Underground Conductor
	queryDef=STATUS > 0
	LayerVertices=189
	 layer= 9 Neutral Conductor
	LayerVertices=0
	 layer= 10 Vault Polygon
	queryDef=status > 0
	LayerVertices=5
	 layer= 11 POLPolygon
	LayerVertices=0
2/15/2022 4:01:35 AM Testing scale=500
	 layer= 1 50 Scale Area 1-15k
	LayerVertices=38
	 layer= 2 Anno - Capacitor Bank
	LayerVertices=0
	 layer= 3 Anno - Conduit
	LayerVertices=0
	 layer= 4 Anno - Customer Agreement Number
	LayerVertices=0
	 layer= 5 Anno - DC Device
	LayerVertices=0
	 layer= 6 Anno - DC Rectifier
	LayerVertices=0
	 layer= 7 Anno - Device Group
	LayerVertices=0
	 layer= 8 Anno - Dynamic Protective Device
	LayerVertices=0
	 layer= 9 Anno - Fuse
	LayerVertices=0
	 layer= 10 Anno - Neutral Conductor
	LayerVertices=0
	 layer= 11 Anno - Primary OH Conductor
	LayerVertices=0
	 layer= 12 Anno - Primary UG Conductor
	LayerVertices=0
	 layer= 13 Anno - Secondary OH Conductor
	LayerVertices=0
	 layer= 14 Anno - Secondary UG Conductor
	LayerVertices=0
	 layer= 15 Anno - Step Down
	LayerVertices=0
	 layer= 16 Anno - Substation
	LayerVertices=0
	 layer= 17 Anno - Subsurface Structure
	LayerVertices=0
	 layer= 18 Anno - Support Structure
	LayerVertices=0
	 layer= 19 Anno - Switch
	LayerVertices=0
	 layer= 20 Anno - Transformer
	LayerVertices=0
	 layer= 21 Anno - Voltage Regulator
	LayerVertices=0
	 layer= 22 Circuit Point
	queryDef=STATUS > 0  AND SUBTYPECD = 2
	LayerVertices=0
	 layer= 23 Dynamic Protective Device - Closed
	queryDef=STATUS IN (5,30,1,2,3) AND (NOT (NORMALPOSITION_A = 0 OR NORMALPOSITION_B=0 OR NORMALPOSITION_C=0) or (NORMALPOSITION_A IS NULL OR NORMALPOSITION_B IS NULL OR NORMALPOSITION_C IS NULL))
	LayerVertices=0
	 layer= 24 Dynamic Protective Device - Opened
	queryDef=STATUS IN (5,30,1,2,3) AND (NORMALPOSITION_A = 0 OR NORMALPOSITION_B=0 OR NORMALPOSITION_C=0)
	LayerVertices=0
	 layer= 25 Switch - Closed
	queryDef=STATUS > 0 AND (NOT (NORMALPOSITION_A = 0 OR NORMALPOSITION_B=0 OR NORMALPOSITION_C=0) or (NORMALPOSITION_A IS NULL OR NORMALPOSITION_B IS NULL OR NORMALPOSITION_C IS NULL))
	LayerVertices=0
	 layer= 26 Switch - Opened
	queryDef=STATUS IN (5,30,1,2,3) AND  (NORMALPOSITION_A = 0 OR NORMALPOSITION_B=0 OR NORMALPOSITION_C=0)
	LayerVertices=0
	 layer= 27 Fuse - Closed
	queryDef=STATUS > 0 AND (NOT (NORMALPOSITION_A = 0 OR NORMALPOSITION_B=0 OR NORMALPOSITION_C=0) or (NORMALPOSITION_A IS NULL OR NORMALPOSITION_B IS NULL OR NORMALPOSITION_C IS NULL))
	LayerVertices=0
	 layer= 28 Fuse - Opened
	queryDef=STATUS IN (5,30,1,2,3) AND (NORMALPOSITION_A = 0 OR NORMALPOSITION_B=0 OR NORMALPOSITION_C=0)
	LayerVertices=0
	 layer= 29 Open Point
	queryDef=STATUS > 0 AND SUBTYPECD <> 11
	LayerVertices=0
	 layer= 30 Conductor Tie
	queryDef=STATUS > 0
	LayerVertices=0
	 layer= 31 Capacitor Bank
	queryDef=STATUS > 0
	LayerVertices=0
	 layer= 32 Voltage Regulator
	queryDef=STATUS > 0
	LayerVertices=0
	 layer= 33 Step Down
	queryDef=STATUS > 0
	LayerVertices=0
	 layer= 34 Transformer
	queryDef=STATUS > 0
	LayerVertices=0
	 layer= 35 Antenna
	queryDef=status > 0
	LayerVertices=0
	 layer= 36 PhotoVoltaicCell
	LayerVertices=0
	 layer= 37 DC Device
	queryDef=Status > 0
	LayerVertices=0
	 layer= 38 DC Rectifier
	queryDef=STATUS > 0
	LayerVertices=0
	 layer= 39 Smart Meter Network Device
	queryDef=STATUS > 0
	LayerVertices=0
	 layer= 40 Fault Indicator
	queryDef=STATUS > 0
	LayerVertices=0
	 layer= 41 Load Check Point
	queryDef=STATUS > 0
	LayerVertices=0
	 layer= 42 Feature Note
	LayerVertices=0
	 layer= 43 Service Location
	queryDef=EDGIS.ServiceLocation.STATUS > 0
	LayerVertices=0
	 layer= 44 DC Service Location
	queryDef=STATUS > 0
	LayerVertices=0
	 layer= 45 Primary Meter
	queryDef=STATUS > 0
	LayerVertices=0
	 layer= 46 Delivery Point
	queryDef=STATUS > 0
	LayerVertices=0
	 layer= 47 Secondary Load Point
	LayerVertices=0
	 layer= 48 Customer Agreement Number
	LayerVertices=0
	 layer= 49 Device Group Masked
	queryDef=SUBTYPECD = 3 and DEVICEGROUPTYPE in (16, 17, 18, 19, 20, 21, 22, 23, 32, 33,36,47) and Status IN (5,30,1,2,3) or SUBTYPECD = 2 and DEVICEGROUPTYPE in (1, 2, 3, 4, 5, 6, 29,30, 33) and Status IN (5,30,1,2,3)
	LayerVertices=0
	 layer= 50 Bus Bar
	queryDef=STATUS > 0
	LayerVertices=0
	 layer= 51 Substation
	LayerVertices=0
	 layer= 52 Support Structure
	queryDef=Status IN (5,30,1,3)  AND SYMBOLNUMBER > 73
	LayerVertices=0
	 layer= 53 Subsurface Structure
	queryDef=status > 0 and (SUBTYPECD = 2 OR SUBTYPECD = 3)
	LayerVertices=0
	 layer= 54 Padmount Structure
	queryDef=Status > 0
	LayerVertices=0
	 layer= 55 Secondary Riser
	queryDef=Status > 0
	LayerVertices=0
	 layer= 56 Anchor
	queryDef=Status > 0 AND JOINTOWNED = 'Y'
	LayerVertices=0
	 layer= 57 Span Guy
	LayerVertices=0
	 layer= 58 Primary Riser
	queryDef=STATUS > 0
	LayerVertices=0
	 layer= 59 Primary Overhead Conductor
	queryDef=STATUS > 0
	LayerVertices=21
	 layer= 60 Primary Underground Conductor
	queryDef=STATUS > 0
	LayerVertices=0
	 layer= 61 Neutral Conductor
	LayerVertices=0
	 layer= 62 Secondary Overhead Conductor
	queryDef=SUBTYPECD < 5 and STATUS > 0
	LayerVertices=34
	 layer= 63 Secondary Underground Conductor
	queryDef=SUBTYPECD in (1, 2, 3, 4, 5, 7) and STATUS > 0
	LayerVertices=0
	 layer= 64 DC Conductor
	queryDef=STATUS > 0
	LayerVertices=0
	 layer= 65 Transformer Lead
	LayerVertices=2
	 layer= 66 Device Group Not Masked
	queryDef=SUBTYPECD = 3 and DEVICEGROUPTYPE in (1,2,3,4,5,6,7,8,9,10,11,12,13,14,15,24,25,26,27,28,29,30,31,34,35,37,38,39,40,41,42,43,44,45,46)  and Status IN (5,30,1,2,3) or SUBTYPECD = 2 and DEVICEGROUPTYPE in (7,8,9,10,11,12,13,14,15,16,17,18,19,20,21,22,23,24,25,26,27,28,31,32,34,36) and Status IN (5,30,1,2,3) or subtypecd = 1 and Status IN (5,30,1,2,3)
	LayerVertices=0
	 layer= 67 Enclosure
	queryDef=(SUBTYPECD = 4 OR SUBTYPECD = 5 OR SUBTYPECD = 6 OR SUBTYPECD = 7) and status > 0
	LayerVertices=0
	 layer= 68 Conduit System
	queryDef=(DEACTIVATEDINDICATOR = 'N' OR DEACTIVATEDINDICATOR IS NULL) and status > 0 and labeltext2 is not null and length(labeltext2) > 0
	LayerVertices=0
	 layer= 69 Vault Polygon
	queryDef=status > 0
	LayerVertices=0
	 layer= 70 POLPolygon
	LayerVertices=0
2/15/2022 4:03:04 AM Testing scale=2500
	 layer= 1 50 Scale Area 1-15k
	LayerVertices=0
	 layer= 2 Antenna
	queryDef=status > 0
	LayerVertices=0
	 layer= 3 PhotoVoltaicCell
	LayerVertices=0
	 layer= 4 DC Device
	queryDef=Status > 0
	LayerVertices=0
	 layer= 5 Fault Indicator
	queryDef=STATUS > 0
	LayerVertices=0
	 layer= 6 Substation
	LayerVertices=0
	 layer= 7 Primary Overhead Conductor
	queryDef=STATUS > 0
	LayerVertices=50
	 layer= 8 Primary Underground Conductor
	queryDef=STATUS > 0
	LayerVertices=72
	 layer= 9 Neutral Conductor
	LayerVertices=0
	 layer= 10 Vault Polygon
	queryDef=status > 0
	LayerVertices=0
	 layer= 11 POLPolygon
	LayerVertices=0
2/15/2022 4:03:21 AM Testing scale=500
	 layer= 1 50 Scale Area 1-15k
	LayerVertices=0
	 layer= 2 Anno - Capacitor Bank
	LayerVertices=0
	 layer= 3 Anno - Conduit
	LayerVertices=35
	 layer= 4 Anno - Customer Agreement Number
	LayerVertices=0
	 layer= 5 Anno - DC Device
	LayerVertices=0
	 layer= 6 Anno - DC Rectifier
	LayerVertices=0
	 layer= 7 Anno - Device Group
	LayerVertices=0
	 layer= 8 Anno - Dynamic Protective Device
	LayerVertices=10
	 layer= 9 Anno - Fuse
	LayerVertices=15
	 layer= 10 Anno - Neutral Conductor
	LayerVertices=0
	 layer= 11 Anno - Primary OH Conductor
	LayerVertices=25
	 layer= 12 Anno - Primary UG Conductor
	LayerVertices=80
	 layer= 13 Anno - Secondary OH Conductor
	LayerVertices=0
	 layer= 14 Anno - Secondary UG Conductor
	LayerVertices=0
	 layer= 15 Anno - Step Down
	LayerVertices=0
	 layer= 16 Anno - Substation
	LayerVertices=0
	 layer= 17 Anno - Subsurface Structure
	LayerVertices=0
	 layer= 18 Anno - Support Structure
	LayerVertices=10
	 layer= 19 Anno - Switch
	LayerVertices=10
	 layer= 20 Anno - Transformer
	LayerVertices=0
	 layer= 21 Anno - Voltage Regulator
	LayerVertices=0
	 layer= 22 Circuit Point
	queryDef=STATUS > 0  AND SUBTYPECD = 2
	LayerVertices=0
	 layer= 23 Dynamic Protective Device - Closed
	queryDef=STATUS IN (5,30,1,2,3) AND (NOT (NORMALPOSITION_A = 0 OR NORMALPOSITION_B=0 OR NORMALPOSITION_C=0) or (NORMALPOSITION_A IS NULL OR NORMALPOSITION_B IS NULL OR NORMALPOSITION_C IS NULL))
	LayerVertices=0
	 layer= 24 Dynamic Protective Device - Opened
	queryDef=STATUS IN (5,30,1,2,3) AND (NORMALPOSITION_A = 0 OR NORMALPOSITION_B=0 OR NORMALPOSITION_C=0)
	LayerVertices=0
	 layer= 25 Switch - Closed
	queryDef=STATUS > 0 AND (NOT (NORMALPOSITION_A = 0 OR NORMALPOSITION_B=0 OR NORMALPOSITION_C=0) or (NORMALPOSITION_A IS NULL OR NORMALPOSITION_B IS NULL OR NORMALPOSITION_C IS NULL))
	LayerVertices=0
	 layer= 26 Switch - Opened
	queryDef=STATUS IN (5,30,1,2,3) AND  (NORMALPOSITION_A = 0 OR NORMALPOSITION_B=0 OR NORMALPOSITION_C=0)
	LayerVertices=0
	 layer= 27 Fuse - Closed
	queryDef=STATUS > 0 AND (NOT (NORMALPOSITION_A = 0 OR NORMALPOSITION_B=0 OR NORMALPOSITION_C=0) or (NORMALPOSITION_A IS NULL OR NORMALPOSITION_B IS NULL OR NORMALPOSITION_C IS NULL))
	LayerVertices=0
	 layer= 28 Fuse - Opened
	queryDef=STATUS IN (5,30,1,2,3) AND (NORMALPOSITION_A = 0 OR NORMALPOSITION_B=0 OR NORMALPOSITION_C=0)
	LayerVertices=0
	 layer= 29 Open Point
	queryDef=STATUS > 0 AND SUBTYPECD <> 11
	LayerVertices=0
	 layer= 30 Conductor Tie
	queryDef=STATUS > 0
	LayerVertices=0
	 layer= 31 Capacitor Bank
	queryDef=STATUS > 0
	LayerVertices=0
	 layer= 32 Voltage Regulator
	queryDef=STATUS > 0
	LayerVertices=0
	 layer= 33 Step Down
	queryDef=STATUS > 0
	LayerVertices=0
	 layer= 34 Transformer
	queryDef=STATUS > 0
	LayerVertices=0
	 layer= 35 Antenna
	queryDef=status > 0
	LayerVertices=0
	 layer= 36 PhotoVoltaicCell
	LayerVertices=0
	 layer= 37 DC Device
	queryDef=Status > 0
	LayerVertices=0
	 layer= 38 DC Rectifier
	queryDef=STATUS > 0
	LayerVertices=0
	 layer= 39 Smart Meter Network Device
	queryDef=STATUS > 0
	LayerVertices=0
	 layer= 40 Fault Indicator
	queryDef=STATUS > 0
	LayerVertices=0
	 layer= 41 Load Check Point
	queryDef=STATUS > 0
	LayerVertices=0
	 layer= 42 Feature Note
	LayerVertices=0
	 layer= 43 Service Location
	queryDef=EDGIS.ServiceLocation.STATUS > 0
	LayerVertices=0
	 layer= 44 DC Service Location
	queryDef=STATUS > 0
	LayerVertices=0
	 layer= 45 Primary Meter
	queryDef=STATUS > 0
	LayerVertices=0
	 layer= 46 Delivery Point
	queryDef=STATUS > 0
	LayerVertices=0
	 layer= 47 Secondary Load Point
	LayerVertices=0
	 layer= 48 Customer Agreement Number
	LayerVertices=0
	 layer= 49 Device Group Masked
	queryDef=SUBTYPECD = 3 and DEVICEGROUPTYPE in (16, 17, 18, 19, 20, 21, 22, 23, 32, 33,36,47) and Status IN (5,30,1,2,3) or SUBTYPECD = 2 and DEVICEGROUPTYPE in (1, 2, 3, 4, 5, 6, 29,30, 33) and Status IN (5,30,1,2,3)
	LayerVertices=0
	 layer= 50 Bus Bar
	queryDef=STATUS > 0
	LayerVertices=0
	 layer= 51 Substation
	LayerVertices=0
	 layer= 52 Support Structure
	queryDef=Status IN (5,30,1,3)  AND SYMBOLNUMBER > 73
	LayerVertices=0
	 layer= 53 Subsurface Structure
	queryDef=status > 0 and (SUBTYPECD = 2 OR SUBTYPECD = 3)
	LayerVertices=0
	 layer= 54 Padmount Structure
	queryDef=Status > 0
	LayerVertices=0
	 layer= 55 Secondary Riser
	queryDef=Status > 0
	LayerVertices=0
	 layer= 56 Anchor
	queryDef=Status > 0 AND JOINTOWNED = 'Y'
	LayerVertices=0
	 layer= 57 Span Guy
	LayerVertices=0
	 layer= 58 Primary Riser
	queryDef=STATUS > 0
	LayerVertices=0
	 layer= 59 Primary Overhead Conductor
	queryDef=STATUS > 0
	LayerVertices=20
	 layer= 60 Primary Underground Conductor
	queryDef=STATUS > 0
	LayerVertices=15
	 layer= 61 Neutral Conductor
	LayerVertices=0
	 layer= 62 Secondary Overhead Conductor
	queryDef=SUBTYPECD < 5 and STATUS > 0
	LayerVertices=0
	 layer= 63 Secondary Underground Conductor
	queryDef=SUBTYPECD in (1, 2, 3, 4, 5, 7) and STATUS > 0
	LayerVertices=2
	 layer= 64 DC Conductor
	queryDef=STATUS > 0
	LayerVertices=0
	 layer= 65 Transformer Lead
	LayerVertices=0
	 layer= 66 Device Group Not Masked
	queryDef=SUBTYPECD = 3 and DEVICEGROUPTYPE in (1,2,3,4,5,6,7,8,9,10,11,12,13,14,15,24,25,26,27,28,29,30,31,34,35,37,38,39,40,41,42,43,44,45,46)  and Status IN (5,30,1,2,3) or SUBTYPECD = 2 and DEVICEGROUPTYPE in (7,8,9,10,11,12,13,14,15,16,17,18,19,20,21,22,23,24,25,26,27,28,31,32,34,36) and Status IN (5,30,1,2,3) or subtypecd = 1 and Status IN (5,30,1,2,3)
	LayerVertices=0
	 layer= 67 Enclosure
	queryDef=(SUBTYPECD = 4 OR SUBTYPECD = 5 OR SUBTYPECD = 6 OR SUBTYPECD = 7) and status > 0
	LayerVertices=0
	 layer= 68 Conduit System
	queryDef=(DEACTIVATEDINDICATOR = 'N' OR DEACTIVATEDINDICATOR IS NULL) and status > 0 and labeltext2 is not null and length(labeltext2) > 0
	LayerVertices=2
	 layer= 69 Vault Polygon
	queryDef=status > 0
	LayerVertices=0
	 layer= 70 POLPolygon
	LayerVertices=0
2/15/2022 4:04:44 AM Testing scale=2500
	 layer= 1 50 Scale Area 1-15k
	LayerVertices=0
	 layer= 2 Antenna
	queryDef=status > 0
	LayerVertices=0
	 layer= 3 PhotoVoltaicCell
	LayerVertices=0
	 layer= 4 DC Device
	queryDef=Status > 0
	LayerVertices=0
	 layer= 5 Fault Indicator
	queryDef=STATUS > 0
	LayerVertices=0
	 layer= 6 Substation
	LayerVertices=0
	 layer= 7 Primary Overhead Conductor
	queryDef=STATUS > 0
	LayerVertices=176
	 layer= 8 Primary Underground Conductor
	queryDef=STATUS > 0
	LayerVertices=0
	 layer= 9 Neutral Conductor
	LayerVertices=2
	 layer= 10 Vault Polygon
	queryDef=status > 0
	LayerVertices=0
	 layer= 11 POLPolygon
	LayerVertices=0
2/15/2022 4:04:56 AM Testing scale=500
	 layer= 1 50 Scale Area 1-15k
	LayerVertices=0
	 layer= 2 Anno - Capacitor Bank
	LayerVertices=0
	 layer= 3 Anno - Conduit
	LayerVertices=0
	 layer= 4 Anno - Customer Agreement Number
	LayerVertices=0
	 layer= 5 Anno - DC Device
	LayerVertices=0
	 layer= 6 Anno - DC Rectifier
	LayerVertices=0
	 layer= 7 Anno - Device Group
	LayerVertices=0
	 layer= 8 Anno - Dynamic Protective Device
	LayerVertices=0
	 layer= 9 Anno - Fuse
	LayerVertices=20
	 layer= 10 Anno - Neutral Conductor
	LayerVertices=0
	 layer= 11 Anno - Primary OH Conductor
	LayerVertices=20
	 layer= 12 Anno - Primary UG Conductor
	LayerVertices=0
	 layer= 13 Anno - Secondary OH Conductor
	LayerVertices=10
	 layer= 14 Anno - Secondary UG Conductor
	LayerVertices=0
	 layer= 15 Anno - Step Down
	LayerVertices=0
	 layer= 16 Anno - Substation
	LayerVertices=0
	 layer= 17 Anno - Subsurface Structure
	LayerVertices=0
	 layer= 18 Anno - Support Structure
	LayerVertices=25
	 layer= 19 Anno - Switch
	LayerVertices=0
	 layer= 20 Anno - Transformer
	LayerVertices=10
	 layer= 21 Anno - Voltage Regulator
	LayerVertices=0
	 layer= 22 Circuit Point
	queryDef=STATUS > 0  AND SUBTYPECD = 2
	LayerVertices=0
	 layer= 23 Dynamic Protective Device - Closed
	queryDef=STATUS IN (5,30,1,2,3) AND (NOT (NORMALPOSITION_A = 0 OR NORMALPOSITION_B=0 OR NORMALPOSITION_C=0) or (NORMALPOSITION_A IS NULL OR NORMALPOSITION_B IS NULL OR NORMALPOSITION_C IS NULL))
	LayerVertices=0
	 layer= 24 Dynamic Protective Device - Opened
	queryDef=STATUS IN (5,30,1,2,3) AND (NORMALPOSITION_A = 0 OR NORMALPOSITION_B=0 OR NORMALPOSITION_C=0)
	LayerVertices=0
	 layer= 25 Switch - Closed
	queryDef=STATUS > 0 AND (NOT (NORMALPOSITION_A = 0 OR NORMALPOSITION_B=0 OR NORMALPOSITION_C=0) or (NORMALPOSITION_A IS NULL OR NORMALPOSITION_B IS NULL OR NORMALPOSITION_C IS NULL))
	LayerVertices=0
	 layer= 26 Switch - Opened
	queryDef=STATUS IN (5,30,1,2,3) AND  (NORMALPOSITION_A = 0 OR NORMALPOSITION_B=0 OR NORMALPOSITION_C=0)
	LayerVertices=0
	 layer= 27 Fuse - Closed
	queryDef=STATUS > 0 AND (NOT (NORMALPOSITION_A = 0 OR NORMALPOSITION_B=0 OR NORMALPOSITION_C=0) or (NORMALPOSITION_A IS NULL OR NORMALPOSITION_B IS NULL OR NORMALPOSITION_C IS NULL))
	LayerVertices=0
	 layer= 28 Fuse - Opened
	queryDef=STATUS IN (5,30,1,2,3) AND (NORMALPOSITION_A = 0 OR NORMALPOSITION_B=0 OR NORMALPOSITION_C=0)
	LayerVertices=0
	 layer= 29 Open Point
	queryDef=STATUS > 0 AND SUBTYPECD <> 11
	LayerVertices=0
	 layer= 30 Conductor Tie
	queryDef=STATUS > 0
	LayerVertices=0
	 layer= 31 Capacitor Bank
	queryDef=STATUS > 0
	LayerVertices=0
	 layer= 32 Voltage Regulator
	queryDef=STATUS > 0
	LayerVertices=0
	 layer= 33 Step Down
	queryDef=STATUS > 0
	LayerVertices=0
	 layer= 34 Transformer
	queryDef=STATUS > 0
	LayerVertices=0
	 layer= 35 Antenna
	queryDef=status > 0
	LayerVertices=0
	 layer= 36 PhotoVoltaicCell
	LayerVertices=0
	 layer= 37 DC Device
	queryDef=Status > 0
	LayerVertices=0
	 layer= 38 DC Rectifier
	queryDef=STATUS > 0
	LayerVertices=0
	 layer= 39 Smart Meter Network Device
	queryDef=STATUS > 0
	LayerVertices=0
	 layer= 40 Fault Indicator
	queryDef=STATUS > 0
	LayerVertices=0
	 layer= 41 Load Check Point
	queryDef=STATUS > 0
	LayerVertices=0
	 layer= 42 Feature Note
	LayerVertices=0
	 layer= 43 Service Location
	queryDef=EDGIS.ServiceLocation.STATUS > 0
	LayerVertices=0
	 layer= 44 DC Service Location
	queryDef=STATUS > 0
	LayerVertices=0
	 layer= 45 Primary Meter
	queryDef=STATUS > 0
	LayerVertices=0
	 layer= 46 Delivery Point
	queryDef=STATUS > 0
	LayerVertices=0
	 layer= 47 Secondary Load Point
	LayerVertices=0
	 layer= 48 Customer Agreement Number
	LayerVertices=0
	 layer= 49 Device Group Masked
	queryDef=SUBTYPECD = 3 and DEVICEGROUPTYPE in (16, 17, 18, 19, 20, 21, 22, 23, 32, 33,36,47) and Status IN (5,30,1,2,3) or SUBTYPECD = 2 and DEVICEGROUPTYPE in (1, 2, 3, 4, 5, 6, 29,30, 33) and Status IN (5,30,1,2,3)
	LayerVertices=0
	 layer= 50 Bus Bar
	queryDef=STATUS > 0
	LayerVertices=0
	 layer= 51 Substation
	LayerVertices=0
	 layer= 52 Support Structure
	queryDef=Status IN (5,30,1,3)  AND SYMBOLNUMBER > 73
	LayerVertices=0
	 layer= 53 Subsurface Structure
	queryDef=status > 0 and (SUBTYPECD = 2 OR SUBTYPECD = 3)
	LayerVertices=0
	 layer= 54 Padmount Structure
	queryDef=Status > 0
	LayerVertices=0
	 layer= 55 Secondary Riser
	queryDef=Status > 0
	LayerVertices=0
	 layer= 56 Anchor
	queryDef=Status > 0 AND JOINTOWNED = 'Y'
	LayerVertices=0
	 layer= 57 Span Guy
	LayerVertices=0
	 layer= 58 Primary Riser
	queryDef=STATUS > 0
	LayerVertices=0
	 layer= 59 Primary Overhead Conductor
	queryDef=STATUS > 0
	LayerVertices=13
	 layer= 60 Primary Underground Conductor
	queryDef=STATUS > 0
	LayerVertices=0
	 layer= 61 Neutral Conductor
	LayerVertices=0
	 layer= 62 Secondary Overhead Conductor
	queryDef=SUBTYPECD < 5 and STATUS > 0
	LayerVertices=14
	 layer= 63 Secondary Underground Conductor
	queryDef=SUBTYPECD in (1, 2, 3, 4, 5, 7) and STATUS > 0
	LayerVertices=0
	 layer= 64 DC Conductor
	queryDef=STATUS > 0
	LayerVertices=0
	 layer= 65 Transformer Lead
	LayerVertices=2
	 layer= 66 Device Group Not Masked
	queryDef=SUBTYPECD = 3 and DEVICEGROUPTYPE in (1,2,3,4,5,6,7,8,9,10,11,12,13,14,15,24,25,26,27,28,29,30,31,34,35,37,38,39,40,41,42,43,44,45,46)  and Status IN (5,30,1,2,3) or SUBTYPECD = 2 and DEVICEGROUPTYPE in (7,8,9,10,11,12,13,14,15,16,17,18,19,20,21,22,23,24,25,26,27,28,31,32,34,36) and Status IN (5,30,1,2,3) or subtypecd = 1 and Status IN (5,30,1,2,3)
	LayerVertices=0
	 layer= 67 Enclosure
	queryDef=(SUBTYPECD = 4 OR SUBTYPECD = 5 OR SUBTYPECD = 6 OR SUBTYPECD = 7) and status > 0
	LayerVertices=0
	 layer= 68 Conduit System
	queryDef=(DEACTIVATEDINDICATOR = 'N' OR DEACTIVATEDINDICATOR IS NULL) and status > 0 and labeltext2 is not null and length(labeltext2) > 0
	LayerVertices=0
	 layer= 69 Vault Polygon
	queryDef=status > 0
	LayerVertices=0
	 layer= 70 POLPolygon
	LayerVertices=0
2/15/2022 4:06:17 AM Testing scale=2500
	 layer= 1 50 Scale Area 1-15k
	LayerVertices=0
	 layer= 2 Antenna
	queryDef=status > 0
	LayerVertices=0
	 layer= 3 PhotoVoltaicCell
	LayerVertices=0
	 layer= 4 DC Device
	queryDef=Status > 0
	LayerVertices=0
	 layer= 5 Fault Indicator
	queryDef=STATUS > 0
	LayerVertices=0
	 layer= 6 Substation
	LayerVertices=0
	 layer= 7 Primary Overhead Conductor
	queryDef=STATUS > 0
	LayerVertices=53
	 layer= 8 Primary Underground Conductor
	queryDef=STATUS > 0
	LayerVertices=499
	 layer= 9 Neutral Conductor
	LayerVertices=0
	 layer= 10 Vault Polygon
	queryDef=status > 0
	LayerVertices=0
	 layer= 11 POLPolygon
	LayerVertices=0
2/15/2022 4:06:30 AM Testing scale=500
	 layer= 1 50 Scale Area 1-15k
	LayerVertices=0
	 layer= 2 Anno - Capacitor Bank
	LayerVertices=0
	 layer= 3 Anno - Conduit
	LayerVertices=15
	 layer= 4 Anno - Customer Agreement Number
	LayerVertices=0
	 layer= 5 Anno - DC Device
	LayerVertices=0
	 layer= 6 Anno - DC Rectifier
	LayerVertices=0
	 layer= 7 Anno - Device Group
	LayerVertices=5
	 layer= 8 Anno - Dynamic Protective Device
	LayerVertices=0
	 layer= 9 Anno - Fuse
	LayerVertices=10
	 layer= 10 Anno - Neutral Conductor
	LayerVertices=0
	 layer= 11 Anno - Primary OH Conductor
	LayerVertices=0
	 layer= 12 Anno - Primary UG Conductor
	LayerVertices=60
	 layer= 13 Anno - Secondary OH Conductor
	LayerVertices=0
	 layer= 14 Anno - Secondary UG Conductor
	LayerVertices=15
	 layer= 15 Anno - Step Down
	LayerVertices=0
	 layer= 16 Anno - Substation
	LayerVertices=0
	 layer= 17 Anno - Subsurface Structure
	LayerVertices=0
	 layer= 18 Anno - Support Structure
	LayerVertices=0
	 layer= 19 Anno - Switch
	LayerVertices=10
	 layer= 20 Anno - Transformer
	LayerVertices=15
	 layer= 21 Anno - Voltage Regulator
	LayerVertices=0
	 layer= 22 Circuit Point
	queryDef=STATUS > 0  AND SUBTYPECD = 2
	LayerVertices=0
	 layer= 23 Dynamic Protective Device - Closed
	queryDef=STATUS IN (5,30,1,2,3) AND (NOT (NORMALPOSITION_A = 0 OR NORMALPOSITION_B=0 OR NORMALPOSITION_C=0) or (NORMALPOSITION_A IS NULL OR NORMALPOSITION_B IS NULL OR NORMALPOSITION_C IS NULL))
	LayerVertices=0
	 layer= 24 Dynamic Protective Device - Opened
	queryDef=STATUS IN (5,30,1,2,3) AND (NORMALPOSITION_A = 0 OR NORMALPOSITION_B=0 OR NORMALPOSITION_C=0)
	LayerVertices=0
	 layer= 25 Switch - Closed
	queryDef=STATUS > 0 AND (NOT (NORMALPOSITION_A = 0 OR NORMALPOSITION_B=0 OR NORMALPOSITION_C=0) or (NORMALPOSITION_A IS NULL OR NORMALPOSITION_B IS NULL OR NORMALPOSITION_C IS NULL))
	LayerVertices=0
	 layer= 26 Switch - Opened
	queryDef=STATUS IN (5,30,1,2,3) AND  (NORMALPOSITION_A = 0 OR NORMALPOSITION_B=0 OR NORMALPOSITION_C=0)
	LayerVertices=0
	 layer= 27 Fuse - Closed
	queryDef=STATUS > 0 AND (NOT (NORMALPOSITION_A = 0 OR NORMALPOSITION_B=0 OR NORMALPOSITION_C=0) or (NORMALPOSITION_A IS NULL OR NORMALPOSITION_B IS NULL OR NORMALPOSITION_C IS NULL))
	LayerVertices=0
	 layer= 28 Fuse - Opened
	queryDef=STATUS IN (5,30,1,2,3) AND (NORMALPOSITION_A = 0 OR NORMALPOSITION_B=0 OR NORMALPOSITION_C=0)
	LayerVertices=0
	 layer= 29 Open Point
	queryDef=STATUS > 0 AND SUBTYPECD <> 11
	LayerVertices=0
	 layer= 30 Conductor Tie
	queryDef=STATUS > 0
	LayerVertices=0
	 layer= 31 Capacitor Bank
	queryDef=STATUS > 0
	LayerVertices=0
	 layer= 32 Voltage Regulator
	queryDef=STATUS > 0
	LayerVertices=0
	 layer= 33 Step Down
	queryDef=STATUS > 0
	LayerVertices=0
	 layer= 34 Transformer
	queryDef=STATUS > 0
	LayerVertices=0
	 layer= 35 Antenna
	queryDef=status > 0
	LayerVertices=0
	 layer= 36 PhotoVoltaicCell
	LayerVertices=0
	 layer= 37 DC Device
	queryDef=Status > 0
	LayerVertices=0
	 layer= 38 DC Rectifier
	queryDef=STATUS > 0
	LayerVertices=0
	 layer= 39 Smart Meter Network Device
	queryDef=STATUS > 0
	LayerVertices=0
	 layer= 40 Fault Indicator
	queryDef=STATUS > 0
	LayerVertices=0
	 layer= 41 Load Check Point
	queryDef=STATUS > 0
	LayerVertices=0
	 layer= 42 Feature Note
	LayerVertices=0
	 layer= 43 Service Location
	queryDef=EDGIS.ServiceLocation.STATUS > 0
	LayerVertices=0
	 layer= 44 DC Service Location
	queryDef=STATUS > 0
	LayerVertices=0
	 layer= 45 Primary Meter
	queryDef=STATUS > 0
	LayerVertices=0
	 layer= 46 Delivery Point
	queryDef=STATUS > 0
	LayerVertices=0
	 layer= 47 Secondary Load Point
	LayerVertices=0
	 layer= 48 Customer Agreement Number
	LayerVertices=0
	 layer= 49 Device Group Masked
	queryDef=SUBTYPECD = 3 and DEVICEGROUPTYPE in (16, 17, 18, 19, 20, 21, 22, 23, 32, 33,36,47) and Status IN (5,30,1,2,3) or SUBTYPECD = 2 and DEVICEGROUPTYPE in (1, 2, 3, 4, 5, 6, 29,30, 33) and Status IN (5,30,1,2,3)
	LayerVertices=0
	 layer= 50 Bus Bar
	queryDef=STATUS > 0
	LayerVertices=22
	 layer= 51 Substation
	LayerVertices=0
	 layer= 52 Support Structure
	queryDef=Status IN (5,30,1,3)  AND SYMBOLNUMBER > 73
	LayerVertices=0
	 layer= 53 Subsurface Structure
	queryDef=status > 0 and (SUBTYPECD = 2 OR SUBTYPECD = 3)
	LayerVertices=0
	 layer= 54 Padmount Structure
	queryDef=Status > 0
	LayerVertices=0
	 layer= 55 Secondary Riser
	queryDef=Status > 0
	LayerVertices=0
	 layer= 56 Anchor
	queryDef=Status > 0 AND JOINTOWNED = 'Y'
	LayerVertices=0
	 layer= 57 Span Guy
	LayerVertices=0
	 layer= 58 Primary Riser
	queryDef=STATUS > 0
	LayerVertices=0
	 layer= 59 Primary Overhead Conductor
	queryDef=STATUS > 0
	LayerVertices=0
	 layer= 60 Primary Underground Conductor
	queryDef=STATUS > 0
	LayerVertices=101
	 layer= 61 Neutral Conductor
	LayerVertices=0
	 layer= 62 Secondary Overhead Conductor
	queryDef=SUBTYPECD < 5 and STATUS > 0
	LayerVertices=0
	 layer= 63 Secondary Underground Conductor
	queryDef=SUBTYPECD in (1, 2, 3, 4, 5, 7) and STATUS > 0
	LayerVertices=2
	 layer= 64 DC Conductor
	queryDef=STATUS > 0
	LayerVertices=0
	 layer= 65 Transformer Lead
	LayerVertices=0
	 layer= 66 Device Group Not Masked
	queryDef=SUBTYPECD = 3 and DEVICEGROUPTYPE in (1,2,3,4,5,6,7,8,9,10,11,12,13,14,15,24,25,26,27,28,29,30,31,34,35,37,38,39,40,41,42,43,44,45,46)  and Status IN (5,30,1,2,3) or SUBTYPECD = 2 and DEVICEGROUPTYPE in (7,8,9,10,11,12,13,14,15,16,17,18,19,20,21,22,23,24,25,26,27,28,31,32,34,36) and Status IN (5,30,1,2,3) or subtypecd = 1 and Status IN (5,30,1,2,3)
	LayerVertices=0
	 layer= 67 Enclosure
	queryDef=(SUBTYPECD = 4 OR SUBTYPECD = 5 OR SUBTYPECD = 6 OR SUBTYPECD = 7) and status > 0
	LayerVertices=0
	 layer= 68 Conduit System
	queryDef=(DEACTIVATEDINDICATOR = 'N' OR DEACTIVATEDINDICATOR IS NULL) and status > 0 and labeltext2 is not null and length(labeltext2) > 0
	LayerVertices=2
	 layer= 69 Vault Polygon
	queryDef=status > 0
	LayerVertices=0
	 layer= 70 POLPolygon
	LayerVertices=0
2/15/2022 4:07:48 AM Testing scale=2500
	 layer= 1 50 Scale Area 1-15k
	LayerVertices=0
	 layer= 2 Antenna
	queryDef=status > 0
	LayerVertices=0
	 layer= 3 PhotoVoltaicCell
	LayerVertices=0
	 layer= 4 DC Device
	queryDef=Status > 0
	LayerVertices=0
	 layer= 5 Fault Indicator
	queryDef=STATUS > 0
	LayerVertices=0
	 layer= 6 Substation
	LayerVertices=0
	 layer= 7 Primary Overhead Conductor
	queryDef=STATUS > 0
	LayerVertices=105
	 layer= 8 Primary Underground Conductor
	queryDef=STATUS > 0
	LayerVertices=171
	 layer= 9 Neutral Conductor
	LayerVertices=0
	 layer= 10 Vault Polygon
	queryDef=status > 0
	LayerVertices=0
	 layer= 11 POLPolygon
	LayerVertices=0
2/15/2022 4:08:02 AM Testing scale=500
	 layer= 1 50 Scale Area 1-15k
	LayerVertices=0
	 layer= 2 Anno - Capacitor Bank
	LayerVertices=0
	 layer= 3 Anno - Conduit
	LayerVertices=10
	 layer= 4 Anno - Customer Agreement Number
	LayerVertices=0
	 layer= 5 Anno - DC Device
	LayerVertices=0
	 layer= 6 Anno - DC Rectifier
	LayerVertices=0
	 layer= 7 Anno - Device Group
	LayerVertices=5
	 layer= 8 Anno - Dynamic Protective Device
	LayerVertices=10
	 layer= 9 Anno - Fuse
	LayerVertices=15
	 layer= 10 Anno - Neutral Conductor
	LayerVertices=0
	 layer= 11 Anno - Primary OH Conductor
	LayerVertices=5
	 layer= 12 Anno - Primary UG Conductor
	LayerVertices=60
	 layer= 13 Anno - Secondary OH Conductor
	LayerVertices=10
	 layer= 14 Anno - Secondary UG Conductor
	LayerVertices=0
	 layer= 15 Anno - Step Down
	LayerVertices=0
	 layer= 16 Anno - Substation
	LayerVertices=0
	 layer= 17 Anno - Subsurface Structure
	LayerVertices=0
	 layer= 18 Anno - Support Structure
	LayerVertices=30
	 layer= 19 Anno - Switch
	LayerVertices=20
	 layer= 20 Anno - Transformer
	LayerVertices=15
	 layer= 21 Anno - Voltage Regulator
	LayerVertices=0
	 layer= 22 Circuit Point
	queryDef=STATUS > 0  AND SUBTYPECD = 2
	LayerVertices=0
	 layer= 23 Dynamic Protective Device - Closed
	queryDef=STATUS IN (5,30,1,2,3) AND (NOT (NORMALPOSITION_A = 0 OR NORMALPOSITION_B=0 OR NORMALPOSITION_C=0) or (NORMALPOSITION_A IS NULL OR NORMALPOSITION_B IS NULL OR NORMALPOSITION_C IS NULL))
	LayerVertices=0
	 layer= 24 Dynamic Protective Device - Opened
	queryDef=STATUS IN (5,30,1,2,3) AND (NORMALPOSITION_A = 0 OR NORMALPOSITION_B=0 OR NORMALPOSITION_C=0)
	LayerVertices=0
	 layer= 25 Switch - Closed
	queryDef=STATUS > 0 AND (NOT (NORMALPOSITION_A = 0 OR NORMALPOSITION_B=0 OR NORMALPOSITION_C=0) or (NORMALPOSITION_A IS NULL OR NORMALPOSITION_B IS NULL OR NORMALPOSITION_C IS NULL))
	LayerVertices=0
	 layer= 26 Switch - Opened
	queryDef=STATUS IN (5,30,1,2,3) AND  (NORMALPOSITION_A = 0 OR NORMALPOSITION_B=0 OR NORMALPOSITION_C=0)
	LayerVertices=0
	 layer= 27 Fuse - Closed
	queryDef=STATUS > 0 AND (NOT (NORMALPOSITION_A = 0 OR NORMALPOSITION_B=0 OR NORMALPOSITION_C=0) or (NORMALPOSITION_A IS NULL OR NORMALPOSITION_B IS NULL OR NORMALPOSITION_C IS NULL))
	LayerVertices=0
	 layer= 28 Fuse - Opened
	queryDef=STATUS IN (5,30,1,2,3) AND (NORMALPOSITION_A = 0 OR NORMALPOSITION_B=0 OR NORMALPOSITION_C=0)
	LayerVertices=0
	 layer= 29 Open Point
	queryDef=STATUS > 0 AND SUBTYPECD <> 11
	LayerVertices=0
	 layer= 30 Conductor Tie
	queryDef=STATUS > 0
	LayerVertices=0
	 layer= 31 Capacitor Bank
	queryDef=STATUS > 0
	LayerVertices=0
	 layer= 32 Voltage Regulator
	queryDef=STATUS > 0
	LayerVertices=0
	 layer= 33 Step Down
	queryDef=STATUS > 0
	LayerVertices=0
	 layer= 34 Transformer
	queryDef=STATUS > 0
	LayerVertices=0
	 layer= 35 Antenna
	queryDef=status > 0
	LayerVertices=0
	 layer= 36 PhotoVoltaicCell
	LayerVertices=0
	 layer= 37 DC Device
	queryDef=Status > 0
	LayerVertices=0
	 layer= 38 DC Rectifier
	queryDef=STATUS > 0
	LayerVertices=0
	 layer= 39 Smart Meter Network Device
	queryDef=STATUS > 0
	LayerVertices=0
	 layer= 40 Fault Indicator
	queryDef=STATUS > 0
	LayerVertices=0
	 layer= 41 Load Check Point
	queryDef=STATUS > 0
	LayerVertices=0
	 layer= 42 Feature Note
	LayerVertices=0
	 layer= 43 Service Location
	queryDef=EDGIS.ServiceLocation.STATUS > 0
	LayerVertices=0
	 layer= 44 DC Service Location
	queryDef=STATUS > 0
	LayerVertices=0
	 layer= 45 Primary Meter
	queryDef=STATUS > 0
	LayerVertices=0
	 layer= 46 Delivery Point
	queryDef=STATUS > 0
	LayerVertices=0
	 layer= 47 Secondary Load Point
	LayerVertices=0
	 layer= 48 Customer Agreement Number
	LayerVertices=0
	 layer= 49 Device Group Masked
	queryDef=SUBTYPECD = 3 and DEVICEGROUPTYPE in (16, 17, 18, 19, 20, 21, 22, 23, 32, 33,36,47) and Status IN (5,30,1,2,3) or SUBTYPECD = 2 and DEVICEGROUPTYPE in (1, 2, 3, 4, 5, 6, 29,30, 33) and Status IN (5,30,1,2,3)
	LayerVertices=0
	 layer= 50 Bus Bar
	queryDef=STATUS > 0
	LayerVertices=6
	 layer= 51 Substation
	LayerVertices=0
	 layer= 52 Support Structure
	queryDef=Status IN (5,30,1,3)  AND SYMBOLNUMBER > 73
	LayerVertices=0
	 layer= 53 Subsurface Structure
	queryDef=status > 0 and (SUBTYPECD = 2 OR SUBTYPECD = 3)
	LayerVertices=0
	 layer= 54 Padmount Structure
	queryDef=Status > 0
	LayerVertices=0
	 layer= 55 Secondary Riser
	queryDef=Status > 0
	LayerVertices=0
	 layer= 56 Anchor
	queryDef=Status > 0 AND JOINTOWNED = 'Y'
	LayerVertices=0
	 layer= 57 Span Guy
	LayerVertices=0
	 layer= 58 Primary Riser
	queryDef=STATUS > 0
	LayerVertices=0
	 layer= 59 Primary Overhead Conductor
	queryDef=STATUS > 0
	LayerVertices=22
	 layer= 60 Primary Underground Conductor
	queryDef=STATUS > 0
	LayerVertices=72
	 layer= 61 Neutral Conductor
	LayerVertices=0
	 layer= 62 Secondary Overhead Conductor
	queryDef=SUBTYPECD < 5 and STATUS > 0
	LayerVertices=11
	 layer= 63 Secondary Underground Conductor
	queryDef=SUBTYPECD in (1, 2, 3, 4, 5, 7) and STATUS > 0
	LayerVertices=9
	 layer= 64 DC Conductor
	queryDef=STATUS > 0
	LayerVertices=0
	 layer= 65 Transformer Lead
	LayerVertices=2
	 layer= 66 Device Group Not Masked
	queryDef=SUBTYPECD = 3 and DEVICEGROUPTYPE in (1,2,3,4,5,6,7,8,9,10,11,12,13,14,15,24,25,26,27,28,29,30,31,34,35,37,38,39,40,41,42,43,44,45,46)  and Status IN (5,30,1,2,3) or SUBTYPECD = 2 and DEVICEGROUPTYPE in (7,8,9,10,11,12,13,14,15,16,17,18,19,20,21,22,23,24,25,26,27,28,31,32,34,36) and Status IN (5,30,1,2,3) or subtypecd = 1 and Status IN (5,30,1,2,3)
	LayerVertices=0
	 layer= 67 Enclosure
	queryDef=(SUBTYPECD = 4 OR SUBTYPECD = 5 OR SUBTYPECD = 6 OR SUBTYPECD = 7) and status > 0
	LayerVertices=0
	 layer= 68 Conduit System
	queryDef=(DEACTIVATEDINDICATOR = 'N' OR DEACTIVATEDINDICATOR IS NULL) and status > 0 and labeltext2 is not null and length(labeltext2) > 0
	LayerVertices=49
	 layer= 69 Vault Polygon
	queryDef=status > 0
	LayerVertices=0
	 layer= 70 POLPolygon
	LayerVertices=0
2/15/2022 4:10:35 AM Testing scale=2500
	 layer= 1 50 Scale Area 1-15k
	LayerVertices=38
	 layer= 2 Antenna
	queryDef=status > 0
	LayerVertices=0
	 layer= 3 PhotoVoltaicCell
	LayerVertices=0
	 layer= 4 DC Device
	queryDef=Status > 0
	LayerVertices=0
	 layer= 5 Fault Indicator
	queryDef=STATUS > 0
	LayerVertices=0
	 layer= 6 Substation
	LayerVertices=0
	 layer= 7 Primary Overhead Conductor
	queryDef=STATUS > 0
	LayerVertices=212
	 layer= 8 Primary Underground Conductor
	queryDef=STATUS > 0
	LayerVertices=189
	 layer= 9 Neutral Conductor
	LayerVertices=0
	 layer= 10 Vault Polygon
	queryDef=status > 0
	LayerVertices=5
	 layer= 11 POLPolygon
	LayerVertices=0
2/15/2022 4:10:47 AM Testing scale=500
	 layer= 1 50 Scale Area 1-15k
	LayerVertices=38
	 layer= 2 Anno - Capacitor Bank
	LayerVertices=0
	 layer= 3 Anno - Conduit
	LayerVertices=0
	 layer= 4 Anno - Customer Agreement Number
	LayerVertices=0
	 layer= 5 Anno - DC Device
	LayerVertices=0
	 layer= 6 Anno - DC Rectifier
	LayerVertices=0
	 layer= 7 Anno - Device Group
	LayerVertices=0
	 layer= 8 Anno - Dynamic Protective Device
	LayerVertices=0
	 layer= 9 Anno - Fuse
	LayerVertices=0
	 layer= 10 Anno - Neutral Conductor
	LayerVertices=0
	 layer= 11 Anno - Primary OH Conductor
	LayerVertices=0
	 layer= 12 Anno - Primary UG Conductor
	LayerVertices=0
	 layer= 13 Anno - Secondary OH Conductor
	LayerVertices=0
	 layer= 14 Anno - Secondary UG Conductor
	LayerVertices=0
	 layer= 15 Anno - Step Down
	LayerVertices=0
	 layer= 16 Anno - Substation
	LayerVertices=0
	 layer= 17 Anno - Subsurface Structure
	LayerVertices=0
	 layer= 18 Anno - Support Structure
	LayerVertices=0
	 layer= 19 Anno - Switch
	LayerVertices=0
	 layer= 20 Anno - Transformer
	LayerVertices=0
	 layer= 21 Anno - Voltage Regulator
	LayerVertices=0
	 layer= 22 Circuit Point
	queryDef=STATUS > 0  AND SUBTYPECD = 2
	LayerVertices=0
	 layer= 23 Dynamic Protective Device - Closed
	queryDef=STATUS IN (5,30,1,2,3) AND (NOT (NORMALPOSITION_A = 0 OR NORMALPOSITION_B=0 OR NORMALPOSITION_C=0) or (NORMALPOSITION_A IS NULL OR NORMALPOSITION_B IS NULL OR NORMALPOSITION_C IS NULL))
	LayerVertices=0
	 layer= 24 Dynamic Protective Device - Opened
	queryDef=STATUS IN (5,30,1,2,3) AND (NORMALPOSITION_A = 0 OR NORMALPOSITION_B=0 OR NORMALPOSITION_C=0)
	LayerVertices=0
	 layer= 25 Switch - Closed
	queryDef=STATUS > 0 AND (NOT (NORMALPOSITION_A = 0 OR NORMALPOSITION_B=0 OR NORMALPOSITION_C=0) or (NORMALPOSITION_A IS NULL OR NORMALPOSITION_B IS NULL OR NORMALPOSITION_C IS NULL))
	LayerVertices=0
	 layer= 26 Switch - Opened
	queryDef=STATUS IN (5,30,1,2,3) AND  (NORMALPOSITION_A = 0 OR NORMALPOSITION_B=0 OR NORMALPOSITION_C=0)
	LayerVertices=0
	 layer= 27 Fuse - Closed
	queryDef=STATUS > 0 AND (NOT (NORMALPOSITION_A = 0 OR NORMALPOSITION_B=0 OR NORMALPOSITION_C=0) or (NORMALPOSITION_A IS NULL OR NORMALPOSITION_B IS NULL OR NORMALPOSITION_C IS NULL))
	LayerVertices=0
	 layer= 28 Fuse - Opened
	queryDef=STATUS IN (5,30,1,2,3) AND (NORMALPOSITION_A = 0 OR NORMALPOSITION_B=0 OR NORMALPOSITION_C=0)
	LayerVertices=0
	 layer= 29 Open Point
	queryDef=STATUS > 0 AND SUBTYPECD <> 11
	LayerVertices=0
	 layer= 30 Conductor Tie
	queryDef=STATUS > 0
	LayerVertices=0
	 layer= 31 Capacitor Bank
	queryDef=STATUS > 0
	LayerVertices=0
	 layer= 32 Voltage Regulator
	queryDef=STATUS > 0
	LayerVertices=0
	 layer= 33 Step Down
	queryDef=STATUS > 0
	LayerVertices=0
	 layer= 34 Transformer
	queryDef=STATUS > 0
	LayerVertices=0
	 layer= 35 Antenna
	queryDef=status > 0
	LayerVertices=0
	 layer= 36 PhotoVoltaicCell
	LayerVertices=0
	 layer= 37 DC Device
	queryDef=Status > 0
	LayerVertices=0
	 layer= 38 DC Rectifier
	queryDef=STATUS > 0
	LayerVertices=0
	 layer= 39 Smart Meter Network Device
	queryDef=STATUS > 0
	LayerVertices=0
	 layer= 40 Fault Indicator
	queryDef=STATUS > 0
	LayerVertices=0
	 layer= 41 Load Check Point
	queryDef=STATUS > 0
	LayerVertices=0
	 layer= 42 Feature Note
	LayerVertices=0
	 layer= 43 Service Location
	queryDef=EDGIS.ServiceLocation.STATUS > 0
	LayerVertices=0
	 layer= 44 DC Service Location
	queryDef=STATUS > 0
	LayerVertices=0
	 layer= 45 Primary Meter
	queryDef=STATUS > 0
	LayerVertices=0
	 layer= 46 Delivery Point
	queryDef=STATUS > 0
	LayerVertices=0
	 layer= 47 Secondary Load Point
	LayerVertices=0
	 layer= 48 Customer Agreement Number
	LayerVertices=0
	 layer= 49 Device Group Masked
	queryDef=SUBTYPECD = 3 and DEVICEGROUPTYPE in (16, 17, 18, 19, 20, 21, 22, 23, 32, 33,36,47) and Status IN (5,30,1,2,3) or SUBTYPECD = 2 and DEVICEGROUPTYPE in (1, 2, 3, 4, 5, 6, 29,30, 33) and Status IN (5,30,1,2,3)
	LayerVertices=0
	 layer= 50 Bus Bar
	queryDef=STATUS > 0
	LayerVertices=0
	 layer= 51 Substation
	LayerVertices=0
	 layer= 52 Support Structure
	queryDef=Status IN (5,30,1,3)  AND SYMBOLNUMBER > 73
	LayerVertices=0
	 layer= 53 Subsurface Structure
	queryDef=status > 0 and (SUBTYPECD = 2 OR SUBTYPECD = 3)
	LayerVertices=0
	 layer= 54 Padmount Structure
	queryDef=Status > 0
	LayerVertices=0
	 layer= 55 Secondary Riser
	queryDef=Status > 0
	LayerVertices=0
	 layer= 56 Anchor
	queryDef=Status > 0 AND JOINTOWNED = 'Y'
	LayerVertices=0
	 layer= 57 Span Guy
	LayerVertices=0
	 layer= 58 Primary Riser
	queryDef=STATUS > 0
	LayerVertices=0
	 layer= 59 Primary Overhead Conductor
	queryDef=STATUS > 0
	LayerVertices=21
	 layer= 60 Primary Underground Conductor
	queryDef=STATUS > 0
	LayerVertices=0
	 layer= 61 Neutral Conductor
	LayerVertices=0
	 layer= 62 Secondary Overhead Conductor
	queryDef=SUBTYPECD < 5 and STATUS > 0
	LayerVertices=34
	 layer= 63 Secondary Underground Conductor
	queryDef=SUBTYPECD in (1, 2, 3, 4, 5, 7) and STATUS > 0
	LayerVertices=0
	 layer= 64 DC Conductor
	queryDef=STATUS > 0
	LayerVertices=0
	 layer= 65 Transformer Lead
	LayerVertices=2
	 layer= 66 Device Group Not Masked
	queryDef=SUBTYPECD = 3 and DEVICEGROUPTYPE in (1,2,3,4,5,6,7,8,9,10,11,12,13,14,15,24,25,26,27,28,29,30,31,34,35,37,38,39,40,41,42,43,44,45,46)  and Status IN (5,30,1,2,3) or SUBTYPECD = 2 and DEVICEGROUPTYPE in (7,8,9,10,11,12,13,14,15,16,17,18,19,20,21,22,23,24,25,26,27,28,31,32,34,36) and Status IN (5,30,1,2,3) or subtypecd = 1 and Status IN (5,30,1,2,3)
	LayerVertices=0
	 layer= 67 Enclosure
	queryDef=(SUBTYPECD = 4 OR SUBTYPECD = 5 OR SUBTYPECD = 6 OR SUBTYPECD = 7) and status > 0
	LayerVertices=0
	 layer= 68 Conduit System
	queryDef=(DEACTIVATEDINDICATOR = 'N' OR DEACTIVATEDINDICATOR IS NULL) and status > 0 and labeltext2 is not null and length(labeltext2) > 0
	LayerVertices=0
	 layer= 69 Vault Polygon
	queryDef=status > 0
	LayerVertices=0
	 layer= 70 POLPolygon
	LayerVertices=0
2/15/2022 4:12:06 AM Testing scale=2500
	 layer= 1 50 Scale Area 1-15k
	LayerVertices=0
	 layer= 2 Antenna
	queryDef=status > 0
	LayerVertices=0
	 layer= 3 PhotoVoltaicCell
	LayerVertices=0
	 layer= 4 DC Device
	queryDef=Status > 0
	LayerVertices=0
	 layer= 5 Fault Indicator
	queryDef=STATUS > 0
	LayerVertices=0
	 layer= 6 Substation
	LayerVertices=0
	 layer= 7 Primary Overhead Conductor
	queryDef=STATUS > 0
	LayerVertices=50
	 layer= 8 Primary Underground Conductor
	queryDef=STATUS > 0
	LayerVertices=72
	 layer= 9 Neutral Conductor
	LayerVertices=0
	 layer= 10 Vault Polygon
	queryDef=status > 0
	LayerVertices=0
	 layer= 11 POLPolygon
	LayerVertices=0
2/15/2022 4:12:17 AM Testing scale=500
	 layer= 1 50 Scale Area 1-15k
	LayerVertices=0
	 layer= 2 Anno - Capacitor Bank
	LayerVertices=0
	 layer= 3 Anno - Conduit
	LayerVertices=35
	 layer= 4 Anno - Customer Agreement Number
	LayerVertices=0
	 layer= 5 Anno - DC Device
	LayerVertices=0
	 layer= 6 Anno - DC Rectifier
	LayerVertices=0
	 layer= 7 Anno - Device Group
	LayerVertices=0
	 layer= 8 Anno - Dynamic Protective Device
	LayerVertices=10
	 layer= 9 Anno - Fuse
	LayerVertices=15
	 layer= 10 Anno - Neutral Conductor
	LayerVertices=0
	 layer= 11 Anno - Primary OH Conductor
	LayerVertices=25
	 layer= 12 Anno - Primary UG Conductor
	LayerVertices=80
	 layer= 13 Anno - Secondary OH Conductor
	LayerVertices=0
	 layer= 14 Anno - Secondary UG Conductor
	LayerVertices=0
	 layer= 15 Anno - Step Down
	LayerVertices=0
	 layer= 16 Anno - Substation
	LayerVertices=0
	 layer= 17 Anno - Subsurface Structure
	LayerVertices=0
	 layer= 18 Anno - Support Structure
	LayerVertices=10
	 layer= 19 Anno - Switch
	LayerVertices=10
	 layer= 20 Anno - Transformer
	LayerVertices=0
	 layer= 21 Anno - Voltage Regulator
	LayerVertices=0
	 layer= 22 Circuit Point
	queryDef=STATUS > 0  AND SUBTYPECD = 2
	LayerVertices=0
	 layer= 23 Dynamic Protective Device - Closed
	queryDef=STATUS IN (5,30,1,2,3) AND (NOT (NORMALPOSITION_A = 0 OR NORMALPOSITION_B=0 OR NORMALPOSITION_C=0) or (NORMALPOSITION_A IS NULL OR NORMALPOSITION_B IS NULL OR NORMALPOSITION_C IS NULL))
	LayerVertices=0
	 layer= 24 Dynamic Protective Device - Opened
	queryDef=STATUS IN (5,30,1,2,3) AND (NORMALPOSITION_A = 0 OR NORMALPOSITION_B=0 OR NORMALPOSITION_C=0)
	LayerVertices=0
	 layer= 25 Switch - Closed
	queryDef=STATUS > 0 AND (NOT (NORMALPOSITION_A = 0 OR NORMALPOSITION_B=0 OR NORMALPOSITION_C=0) or (NORMALPOSITION_A IS NULL OR NORMALPOSITION_B IS NULL OR NORMALPOSITION_C IS NULL))
	LayerVertices=0
	 layer= 26 Switch - Opened
	queryDef=STATUS IN (5,30,1,2,3) AND  (NORMALPOSITION_A = 0 OR NORMALPOSITION_B=0 OR NORMALPOSITION_C=0)
	LayerVertices=0
	 layer= 27 Fuse - Closed
	queryDef=STATUS > 0 AND (NOT (NORMALPOSITION_A = 0 OR NORMALPOSITION_B=0 OR NORMALPOSITION_C=0) or (NORMALPOSITION_A IS NULL OR NORMALPOSITION_B IS NULL OR NORMALPOSITION_C IS NULL))
	LayerVertices=0
	 layer= 28 Fuse - Opened
	queryDef=STATUS IN (5,30,1,2,3) AND (NORMALPOSITION_A = 0 OR NORMALPOSITION_B=0 OR NORMALPOSITION_C=0)
	LayerVertices=0
	 layer= 29 Open Point
	queryDef=STATUS > 0 AND SUBTYPECD <> 11
	LayerVertices=0
	 layer= 30 Conductor Tie
	queryDef=STATUS > 0
	LayerVertices=0
	 layer= 31 Capacitor Bank
	queryDef=STATUS > 0
	LayerVertices=0
	 layer= 32 Voltage Regulator
	queryDef=STATUS > 0
	LayerVertices=0
	 layer= 33 Step Down
	queryDef=STATUS > 0
	LayerVertices=0
	 layer= 34 Transformer
	queryDef=STATUS > 0
	LayerVertices=0
	 layer= 35 Antenna
	queryDef=status > 0
	LayerVertices=0
	 layer= 36 PhotoVoltaicCell
	LayerVertices=0
	 layer= 37 DC Device
	queryDef=Status > 0
	LayerVertices=0
	 layer= 38 DC Rectifier
	queryDef=STATUS > 0
	LayerVertices=0
	 layer= 39 Smart Meter Network Device
	queryDef=STATUS > 0
	LayerVertices=0
	 layer= 40 Fault Indicator
	queryDef=STATUS > 0
	LayerVertices=0
	 layer= 41 Load Check Point
	queryDef=STATUS > 0
	LayerVertices=0
	 layer= 42 Feature Note
	LayerVertices=0
	 layer= 43 Service Location
	queryDef=EDGIS.ServiceLocation.STATUS > 0
	LayerVertices=0
	 layer= 44 DC Service Location
	queryDef=STATUS > 0
	LayerVertices=0
	 layer= 45 Primary Meter
	queryDef=STATUS > 0
	LayerVertices=0
	 layer= 46 Delivery Point
	queryDef=STATUS > 0
	LayerVertices=0
	 layer= 47 Secondary Load Point
	LayerVertices=0
	 layer= 48 Customer Agreement Number
	LayerVertices=0
	 layer= 49 Device Group Masked
	queryDef=SUBTYPECD = 3 and DEVICEGROUPTYPE in (16, 17, 18, 19, 20, 21, 22, 23, 32, 33,36,47) and Status IN (5,30,1,2,3) or SUBTYPECD = 2 and DEVICEGROUPTYPE in (1, 2, 3, 4, 5, 6, 29,30, 33) and Status IN (5,30,1,2,3)
	LayerVertices=0
	 layer= 50 Bus Bar
	queryDef=STATUS > 0
	LayerVertices=0
	 layer= 51 Substation
	LayerVertices=0
	 layer= 52 Support Structure
	queryDef=Status IN (5,30,1,3)  AND SYMBOLNUMBER > 73
	LayerVertices=0
	 layer= 53 Subsurface Structure
	queryDef=status > 0 and (SUBTYPECD = 2 OR SUBTYPECD = 3)
	LayerVertices=0
	 layer= 54 Padmount Structure
	queryDef=Status > 0
	LayerVertices=0
	 layer= 55 Secondary Riser
	queryDef=Status > 0
	LayerVertices=0
	 layer= 56 Anchor
	queryDef=Status > 0 AND JOINTOWNED = 'Y'
	LayerVertices=0
	 layer= 57 Span Guy
	LayerVertices=0
	 layer= 58 Primary Riser
	queryDef=STATUS > 0
	LayerVertices=0
	 layer= 59 Primary Overhead Conductor
	queryDef=STATUS > 0
	LayerVertices=20
	 layer= 60 Primary Underground Conductor
	queryDef=STATUS > 0
	LayerVertices=15
	 layer= 61 Neutral Conductor
	LayerVertices=0
	 layer= 62 Secondary Overhead Conductor
	queryDef=SUBTYPECD < 5 and STATUS > 0
	LayerVertices=0
	 layer= 63 Secondary Underground Conductor
	queryDef=SUBTYPECD in (1, 2, 3, 4, 5, 7) and STATUS > 0
	LayerVertices=2
	 layer= 64 DC Conductor
	queryDef=STATUS > 0
	LayerVertices=0
	 layer= 65 Transformer Lead
	LayerVertices=0
	 layer= 66 Device Group Not Masked
	queryDef=SUBTYPECD = 3 and DEVICEGROUPTYPE in (1,2,3,4,5,6,7,8,9,10,11,12,13,14,15,24,25,26,27,28,29,30,31,34,35,37,38,39,40,41,42,43,44,45,46)  and Status IN (5,30,1,2,3) or SUBTYPECD = 2 and DEVICEGROUPTYPE in (7,8,9,10,11,12,13,14,15,16,17,18,19,20,21,22,23,24,25,26,27,28,31,32,34,36) and Status IN (5,30,1,2,3) or subtypecd = 1 and Status IN (5,30,1,2,3)
	LayerVertices=0
	 layer= 67 Enclosure
	queryDef=(SUBTYPECD = 4 OR SUBTYPECD = 5 OR SUBTYPECD = 6 OR SUBTYPECD = 7) and status > 0
	LayerVertices=0
	 layer= 68 Conduit System
	queryDef=(DEACTIVATEDINDICATOR = 'N' OR DEACTIVATEDINDICATOR IS NULL) and status > 0 and labeltext2 is not null and length(labeltext2) > 0
	LayerVertices=2
	 layer= 69 Vault Polygon
	queryDef=status > 0
	LayerVertices=0
	 layer= 70 POLPolygon
	LayerVertices=0
2/15/2022 4:13:35 AM Testing scale=2500
	 layer= 1 50 Scale Area 1-15k
	LayerVertices=0
	 layer= 2 Antenna
	queryDef=status > 0
	LayerVertices=0
	 layer= 3 PhotoVoltaicCell
	LayerVertices=0
	 layer= 4 DC Device
	queryDef=Status > 0
	LayerVertices=0
	 layer= 5 Fault Indicator
	queryDef=STATUS > 0
	LayerVertices=0
	 layer= 6 Substation
	LayerVertices=0
	 layer= 7 Primary Overhead Conductor
	queryDef=STATUS > 0
	LayerVertices=176
	 layer= 8 Primary Underground Conductor
	queryDef=STATUS > 0
	LayerVertices=0
	 layer= 9 Neutral Conductor
	LayerVertices=2
	 layer= 10 Vault Polygon
	queryDef=status > 0
	LayerVertices=0
	 layer= 11 POLPolygon
	LayerVertices=0
2/15/2022 4:13:47 AM Testing scale=500
	 layer= 1 50 Scale Area 1-15k
	LayerVertices=0
	 layer= 2 Anno - Capacitor Bank
	LayerVertices=0
	 layer= 3 Anno - Conduit
	LayerVertices=0
	 layer= 4 Anno - Customer Agreement Number
	LayerVertices=0
	 layer= 5 Anno - DC Device
	LayerVertices=0
	 layer= 6 Anno - DC Rectifier
	LayerVertices=0
	 layer= 7 Anno - Device Group
	LayerVertices=0
	 layer= 8 Anno - Dynamic Protective Device
	LayerVertices=0
	 layer= 9 Anno - Fuse
	LayerVertices=20
	 layer= 10 Anno - Neutral Conductor
	LayerVertices=0
	 layer= 11 Anno - Primary OH Conductor
	LayerVertices=20
	 layer= 12 Anno - Primary UG Conductor
	LayerVertices=0
	 layer= 13 Anno - Secondary OH Conductor
	LayerVertices=10
	 layer= 14 Anno - Secondary UG Conductor
	LayerVertices=0
	 layer= 15 Anno - Step Down
	LayerVertices=0
	 layer= 16 Anno - Substation
	LayerVertices=0
	 layer= 17 Anno - Subsurface Structure
	LayerVertices=0
	 layer= 18 Anno - Support Structure
	LayerVertices=25
	 layer= 19 Anno - Switch
	LayerVertices=0
	 layer= 20 Anno - Transformer
	LayerVertices=10
	 layer= 21 Anno - Voltage Regulator
	LayerVertices=0
	 layer= 22 Circuit Point
	queryDef=STATUS > 0  AND SUBTYPECD = 2
	LayerVertices=0
	 layer= 23 Dynamic Protective Device - Closed
	queryDef=STATUS IN (5,30,1,2,3) AND (NOT (NORMALPOSITION_A = 0 OR NORMALPOSITION_B=0 OR NORMALPOSITION_C=0) or (NORMALPOSITION_A IS NULL OR NORMALPOSITION_B IS NULL OR NORMALPOSITION_C IS NULL))
	LayerVertices=0
	 layer= 24 Dynamic Protective Device - Opened
	queryDef=STATUS IN (5,30,1,2,3) AND (NORMALPOSITION_A = 0 OR NORMALPOSITION_B=0 OR NORMALPOSITION_C=0)
	LayerVertices=0
	 layer= 25 Switch - Closed
	queryDef=STATUS > 0 AND (NOT (NORMALPOSITION_A = 0 OR NORMALPOSITION_B=0 OR NORMALPOSITION_C=0) or (NORMALPOSITION_A IS NULL OR NORMALPOSITION_B IS NULL OR NORMALPOSITION_C IS NULL))
	LayerVertices=0
	 layer= 26 Switch - Opened
	queryDef=STATUS IN (5,30,1,2,3) AND  (NORMALPOSITION_A = 0 OR NORMALPOSITION_B=0 OR NORMALPOSITION_C=0)
	LayerVertices=0
	 layer= 27 Fuse - Closed
	queryDef=STATUS > 0 AND (NOT (NORMALPOSITION_A = 0 OR NORMALPOSITION_B=0 OR NORMALPOSITION_C=0) or (NORMALPOSITION_A IS NULL OR NORMALPOSITION_B IS NULL OR NORMALPOSITION_C IS NULL))
	LayerVertices=0
	 layer= 28 Fuse - Opened
	queryDef=STATUS IN (5,30,1,2,3) AND (NORMALPOSITION_A = 0 OR NORMALPOSITION_B=0 OR NORMALPOSITION_C=0)
	LayerVertices=0
	 layer= 29 Open Point
	queryDef=STATUS > 0 AND SUBTYPECD <> 11
	LayerVertices=0
	 layer= 30 Conductor Tie
	queryDef=STATUS > 0
	LayerVertices=0
	 layer= 31 Capacitor Bank
	queryDef=STATUS > 0
	LayerVertices=0
	 layer= 32 Voltage Regulator
	queryDef=STATUS > 0
	LayerVertices=0
	 layer= 33 Step Down
	queryDef=STATUS > 0
	LayerVertices=0
	 layer= 34 Transformer
	queryDef=STATUS > 0
	LayerVertices=0
	 layer= 35 Antenna
	queryDef=status > 0
	LayerVertices=0
	 layer= 36 PhotoVoltaicCell
	LayerVertices=0
	 layer= 37 DC Device
	queryDef=Status > 0
	LayerVertices=0
	 layer= 38 DC Rectifier
	queryDef=STATUS > 0
	LayerVertices=0
	 layer= 39 Smart Meter Network Device
	queryDef=STATUS > 0
	LayerVertices=0
	 layer= 40 Fault Indicator
	queryDef=STATUS > 0
	LayerVertices=0
	 layer= 41 Load Check Point
	queryDef=STATUS > 0
	LayerVertices=0
	 layer= 42 Feature Note
	LayerVertices=0
	 layer= 43 Service Location
	queryDef=EDGIS.ServiceLocation.STATUS > 0
	LayerVertices=0
	 layer= 44 DC Service Location
	queryDef=STATUS > 0
	LayerVertices=0
	 layer= 45 Primary Meter
	queryDef=STATUS > 0
	LayerVertices=0
	 layer= 46 Delivery Point
	queryDef=STATUS > 0
	LayerVertices=0
	 layer= 47 Secondary Load Point
	LayerVertices=0
	 layer= 48 Customer Agreement Number
	LayerVertices=0
	 layer= 49 Device Group Masked
	queryDef=SUBTYPECD = 3 and DEVICEGROUPTYPE in (16, 17, 18, 19, 20, 21, 22, 23, 32, 33,36,47) and Status IN (5,30,1,2,3) or SUBTYPECD = 2 and DEVICEGROUPTYPE in (1, 2, 3, 4, 5, 6, 29,30, 33) and Status IN (5,30,1,2,3)
	LayerVertices=0
	 layer= 50 Bus Bar
	queryDef=STATUS > 0
	LayerVertices=0
	 layer= 51 Substation
	LayerVertices=0
	 layer= 52 Support Structure
	queryDef=Status IN (5,30,1,3)  AND SYMBOLNUMBER > 73
	LayerVertices=0
	 layer= 53 Subsurface Structure
	queryDef=status > 0 and (SUBTYPECD = 2 OR SUBTYPECD = 3)
	LayerVertices=0
	 layer= 54 Padmount Structure
	queryDef=Status > 0
	LayerVertices=0
	 layer= 55 Secondary Riser
	queryDef=Status > 0
	LayerVertices=0
	 layer= 56 Anchor
	queryDef=Status > 0 AND JOINTOWNED = 'Y'
	LayerVertices=0
	 layer= 57 Span Guy
	LayerVertices=0
	 layer= 58 Primary Riser
	queryDef=STATUS > 0
	LayerVertices=0