--  3/2/2016 3:54:28 PM  ----
System.UnauthorizedAccessException: Access to the path '\\ecmqa01-nas\ecmstage01\IntegrationIntake\ELDS\PG&E Internal\New Text Document_2016_03_02_15_53_56.txt' is denied.
   at System.IO.__Error.WinIOError(Int32 errorCode, String maybeFullPath)
   at System.IO.FileStream.Init(String path, FileMode mode, FileAccess access, Int32 rights, Boolean useRights, FileShare share, Int32 bufferSize, FileOptions options, SECURITY_ATTRIBUTES secAttrs, String msgPath, Boolean bFromProxy, Boolean useLongPath, Boolean checkHost)
   at System.IO.FileStream..ctor(String path, FileMode mode, FileAccess access, FileShare share, Int32 bufferSize, FileOptions options, String msgPath, Boolean bFromProxy)
   at System.IO.FileStream..ctor(String path, FileMode mode)
   at System.Web.HttpPostedFile.SaveAs(String filename)
   at System.Web.HttpPostedFileWrapper.SaveAs(String filename)
   at SettingsApp.Common.Documentum.saveFile(HttpPostedFileBase file, String& fileName) in C:\Shashwat\EDGIS\Code\ElectricDistCollection\EDAMGIS\Source_Development\Integrations\SettingsAPP\SettingsApp\Common\Documentum.cs:line 106
   at SettingsApp.Common.Documentum.CreateDocument(String globalID, String deviceType, String operatingNum, String district, String division, String docType, HttpPostedFileBase file) in C:\Shashwat\EDGIS\Code\ElectricDistCollection\EDAMGIS\Source_Development\Integrations\SettingsAPP\SettingsApp\Common\Documentum.cs:line 31
   at SettingsApp.Controllers.SwitchController.uploadFile(HttpPostedFileBase file, String globalID, String docType, String& error) in C:\Shashwat\EDGIS\Code\ElectricDistCollection\EDAMGIS\Source_Development\Integrations\SettingsAPP\SettingsApp\Controllers\SwitchController.cs:line 382
--  3/2/2016 4:43:34 PM  ----
System.Web.HttpException (0x80004005): The SaveAs method is configured to require a rooted path, and the path 'C\Shashwat\export_2016_03_02_16_43_15.sql' is not rooted.
   at System.Web.HttpPostedFile.SaveAs(String filename)
   at System.Web.HttpPostedFileWrapper.SaveAs(String filename)
   at SettingsApp.Common.Documentum.saveFile(HttpPostedFileBase file, String& fileName) in C:\Shashwat\EDGIS\Code\ElectricDistCollection\EDAMGIS\Source_Development\Integrations\SettingsAPP\SettingsApp\Common\Documentum.cs:line 106
   at SettingsApp.Common.Documentum.CreateDocument(String globalID, String deviceType, String operatingNum, String district, String division, String docType, HttpPostedFileBase file) in C:\Shashwat\EDGIS\Code\ElectricDistCollection\EDAMGIS\Source_Development\Integrations\SettingsAPP\SettingsApp\Common\Documentum.cs:line 31
   at SettingsApp.Controllers.SwitchController.uploadFile(HttpPostedFileBase file, String globalID, String docType, String& error) in C:\Shashwat\EDGIS\Code\ElectricDistCollection\EDAMGIS\Source_Development\Integrations\SettingsAPP\SettingsApp\Controllers\SwitchController.cs:line 382
--  3/2/2016 4:44:02 PM  ----
<?xml version="1.0" encoding="utf-8" ?><soap:Envelope xmlns:soap="http://schemas.xmlsoap.org/soap/envelope/" xmlns:xsi="http://www.w3.org/2001/XMLSchema-instance" xmlns:xsd="http://www.w3.org/2001/XMLSchema"  ><soap:Header><TrackingInfo xmlns="com/pge/ei/documentmanagement"  ><TrackingId>EDGIS:5f309a2d-5dee-4af2-a305-c771542b88a5</TrackingId><SourceSystemName>EDGIS</SourceSystemName><CreationMatrixKey>ELDS</CreationMatrixKey><RequestedByUser>S2NN</RequestedByUser><SecurityClassification>PG&amp;E Internal</SecurityClassification></TrackingInfo></soap:Header><soap:Body><CreateDocumentV1Request xmlns="com/pge/ei/documentmanagement/createdocumentservice"  ><RequestHeader  /><DocumentList xmlns="com/pge/ei/documentmanagement"  ><Document><SkipFileTransfer>Yes</SkipFileTransfer><ContentFileLocation>\ecmstage01\IntegrationIntake\ELDS\PG&amp;E Internal\111_2016_03_02_16_43_57.LOG</ContentFileLocation><ContentType>log</ContentType><AttributeList><Attribute><AttributeName>EQUIP_NBR</AttributeName><AttributeValue>10503</AttributeValue></Attribute><Attribute><AttributeName>DIVISION_DESC</AttributeName><AttributeValue>KERN</AttributeValue></Attribute><Attribute><AttributeName>DOC_DESC</AttributeName><AttributeValue>111_2016_03_02_16_43_57.LOG</AttributeValue></Attribute><Attribute><AttributeName>FILE_NAME</AttributeName><AttributeValue>111_2016_03_02_16_43_57.LOG</AttributeValue></Attribute><Attribute><AttributeName>DOC_CREATE_DATE</AttributeName><AttributeValue>03/02/2016 16:44:02</AttributeValue></Attribute><Attribute><AttributeName>BUSS_DOC_TYPE</AttributeName><AttributeValue>Device Settings-Settings Configuration</AttributeValue></Attribute><Attribute><AttributeName>ASSET_LOC_DISTRICT</AttributeName><AttributeValue>KERN</AttributeValue></Attribute><Attribute><AttributeName>ASSET_EQUIPMENT_TYPE</AttributeName><AttributeValue>SWITCH</AttributeValue></Attribute><Attribute><AttributeName>DOCUMENT_OWNERS</AttributeName><AttributeValue>Nigam, Shashwat</AttributeValue></Attribute><Attribute><AttributeName>DOCUMENT_AUTHORS</AttributeName><AttributeValue>Nigam, Shashwat</AttributeValue></Attribute><Attribute><AttributeName>ASSET_FAMILY</AttributeName><AttributeValue>Electric Distribution</AttributeValue></Attribute><Attribute><AttributeName>ASSET_TYPE</AttributeName><AttributeValue>SWITCH</AttributeValue></Attribute><Attribute><AttributeName>ASSET_NAME</AttributeName><AttributeValue>10503</AttributeValue></Attribute><Attribute><AttributeName>ASSET_NUM</AttributeName><AttributeValue>424DE973-7D82-441D-A8DC-537BC4632887</AttributeValue></Attribute></AttributeList></Document></DocumentList></CreateDocumentV1Request></soap:Body></soap:Envelope>
